<!DOCTYPE html>
<html>
<head>
<meta http-equiv="Content-Type" content="text/html; charset=utf-8"/>
<meta http-equiv="x-ua-compatible" content="IE=edge"/>
<title>Test results - KafkaLog4jAppenderTest</title>
<link href="../css/base-style.css" rel="stylesheet" type="text/css"/>
<link href="../css/style.css" rel="stylesheet" type="text/css"/>
<script src="../js/report.js" type="text/javascript"></script>
</head>
<body>
<div id="content">
<h1>KafkaLog4jAppenderTest</h1>
<div class="breadcrumbs">
<a href="../index.html">all</a> &gt; 
<a href="../packages/org.apache.kafka.log4jappender.html">org.apache.kafka.log4jappender</a> &gt; KafkaLog4jAppenderTest</div>
<div id="summary">
<table>
<tr>
<td>
<div class="summaryGroup">
<table>
<tr>
<td>
<div class="infoBox" id="tests">
<div class="counter">10</div>
<p>tests</p>
</div>
</td>
<td>
<div class="infoBox" id="failures">
<div class="counter">2</div>
<p>failures</p>
</div>
</td>
<td>
<div class="infoBox" id="ignored">
<div class="counter">0</div>
<p>ignored</p>
</div>
</td>
<td>
<div class="infoBox" id="duration">
<div class="counter">8.697s</div>
<p>duration</p>
</div>
</td>
</tr>
</table>
</div>
</td>
<td>
<div class="infoBox failures" id="successRate">
<div class="percent">80%</div>
<p>successful</p>
</div>
</td>
</tr>
</table>
</div>
<div id="tabs">
<ul class="tabLinks">
<li>
<a href="#tab0">Failed tests</a>
</li>
<li>
<a href="#tab1">Tests</a>
</li>
<li>
<a href="#tab2">Standard output</a>
</li>
<li>
<a href="#tab3">Standard error</a>
</li>
</ul>
<div id="tab0" class="tab">
<h2>Failed tests</h2>
<div class="test">
<a name="testKafkaLog4jConfigs()"></a>
<h3 class="failures">testKafkaLog4jConfigs()</h3>
<span class="code">
<pre>org.opentest4j.AssertionFailedError: Missing properties exception was expected ! ==&gt; Unexpected exception type thrown, expected: &lt;org.apache.kafka.common.config.ConfigException&gt; but was: &lt;org.apache.kafka.common.KafkaException&gt;
	at org.junit.jupiter.api.AssertionFailureBuilder.build(AssertionFailureBuilder.java:151)
	at org.junit.jupiter.api.AssertThrows.assertThrows(AssertThrows.java:67)
	at org.junit.jupiter.api.AssertThrows.assertThrows(AssertThrows.java:39)
	at org.junit.jupiter.api.Assertions.assertThrows(Assertions.java:3131)
	at org.apache.kafka.log4jappender.KafkaLog4jAppenderTest.testKafkaLog4jConfigs(KafkaLog4jAppenderTest.java:63)
	at sun.reflect.NativeMethodAccessorImpl.invoke0(Native Method)
	at sun.reflect.NativeMethodAccessorImpl.invoke(NativeMethodAccessorImpl.java:62)
	at sun.reflect.DelegatingMethodAccessorImpl.invoke(DelegatingMethodAccessorImpl.java:43)
	at java.lang.reflect.Method.invoke(Method.java:498)
	at org.junit.platform.commons.util.ReflectionUtils.invokeMethod(ReflectionUtils.java:728)
	at org.junit.jupiter.engine.execution.MethodInvocation.proceed(MethodInvocation.java:60)
	at org.junit.jupiter.engine.execution.InvocationInterceptorChain$ValidatingInvocation.proceed(InvocationInterceptorChain.java:131)
	at org.junit.jupiter.engine.extension.TimeoutExtension.intercept(TimeoutExtension.java:156)
	at org.junit.jupiter.engine.extension.TimeoutExtension.interceptTestableMethod(TimeoutExtension.java:147)
	at org.junit.jupiter.engine.extension.TimeoutExtension.interceptTestMethod(TimeoutExtension.java:86)
	at org.junit.jupiter.engine.execution.InterceptingExecutableInvoker$ReflectiveInterceptorCall.lambda$ofVoidMethod$0(InterceptingExecutableInvoker.java:103)
	at org.junit.jupiter.engine.execution.InterceptingExecutableInvoker.lambda$invoke$0(InterceptingExecutableInvoker.java:93)
	at org.junit.jupiter.engine.execution.InvocationInterceptorChain$InterceptedInvocation.proceed(InvocationInterceptorChain.java:106)
	at org.junit.jupiter.engine.execution.InvocationInterceptorChain.proceed(InvocationInterceptorChain.java:64)
	at org.junit.jupiter.engine.execution.InvocationInterceptorChain.chainAndInvoke(InvocationInterceptorChain.java:45)
	at org.junit.jupiter.engine.execution.InvocationInterceptorChain.invoke(InvocationInterceptorChain.java:37)
	at org.junit.jupiter.engine.execution.InterceptingExecutableInvoker.invoke(InterceptingExecutableInvoker.java:92)
	at org.junit.jupiter.engine.execution.InterceptingExecutableInvoker.invoke(InterceptingExecutableInvoker.java:86)
	at org.junit.jupiter.engine.descriptor.TestMethodTestDescriptor.lambda$invokeTestMethod$7(TestMethodTestDescriptor.java:218)
	at org.junit.platform.engine.support.hierarchical.ThrowableCollector.execute(ThrowableCollector.java:73)
	at org.junit.jupiter.engine.descriptor.TestMethodTestDescriptor.invokeTestMethod(TestMethodTestDescriptor.java:214)
	at org.junit.jupiter.engine.descriptor.TestMethodTestDescriptor.execute(TestMethodTestDescriptor.java:139)
	at org.junit.jupiter.engine.descriptor.TestMethodTestDescriptor.execute(TestMethodTestDescriptor.java:69)
	at org.junit.platform.engine.support.hierarchical.NodeTestTask.lambda$executeRecursively$6(NodeTestTask.java:151)
	at org.junit.platform.engine.support.hierarchical.ThrowableCollector.execute(ThrowableCollector.java:73)
	at org.junit.platform.engine.support.hierarchical.NodeTestTask.lambda$executeRecursively$8(NodeTestTask.java:141)
	at org.junit.platform.engine.support.hierarchical.Node.around(Node.java:137)
	at org.junit.platform.engine.support.hierarchical.NodeTestTask.lambda$executeRecursively$9(NodeTestTask.java:139)
	at org.junit.platform.engine.support.hierarchical.ThrowableCollector.execute(ThrowableCollector.java:73)
	at org.junit.platform.engine.support.hierarchical.NodeTestTask.executeRecursively(NodeTestTask.java:138)
	at org.junit.platform.engine.support.hierarchical.NodeTestTask.execute(NodeTestTask.java:95)
	at java.util.ArrayList.forEach(ArrayList.java:1259)
	at org.junit.platform.engine.support.hierarchical.SameThreadHierarchicalTestExecutorService.invokeAll(SameThreadHierarchicalTestExecutorService.java:41)
	at org.junit.platform.engine.support.hierarchical.NodeTestTask.lambda$executeRecursively$6(NodeTestTask.java:155)
	at org.junit.platform.engine.support.hierarchical.ThrowableCollector.execute(ThrowableCollector.java:73)
	at org.junit.platform.engine.support.hierarchical.NodeTestTask.lambda$executeRecursively$8(NodeTestTask.java:141)
	at org.junit.platform.engine.support.hierarchical.Node.around(Node.java:137)
	at org.junit.platform.engine.support.hierarchical.NodeTestTask.lambda$executeRecursively$9(NodeTestTask.java:139)
	at org.junit.platform.engine.support.hierarchical.ThrowableCollector.execute(ThrowableCollector.java:73)
	at org.junit.platform.engine.support.hierarchical.NodeTestTask.executeRecursively(NodeTestTask.java:138)
	at org.junit.platform.engine.support.hierarchical.NodeTestTask.execute(NodeTestTask.java:95)
	at java.util.ArrayList.forEach(ArrayList.java:1259)
	at org.junit.platform.engine.support.hierarchical.SameThreadHierarchicalTestExecutorService.invokeAll(SameThreadHierarchicalTestExecutorService.java:41)
	at org.junit.platform.engine.support.hierarchical.NodeTestTask.lambda$executeRecursively$6(NodeTestTask.java:155)
	at org.junit.platform.engine.support.hierarchical.ThrowableCollector.execute(ThrowableCollector.java:73)
	at org.junit.platform.engine.support.hierarchical.NodeTestTask.lambda$executeRecursively$8(NodeTestTask.java:141)
	at org.junit.platform.engine.support.hierarchical.Node.around(Node.java:137)
	at org.junit.platform.engine.support.hierarchical.NodeTestTask.lambda$executeRecursively$9(NodeTestTask.java:139)
	at org.junit.platform.engine.support.hierarchical.ThrowableCollector.execute(ThrowableCollector.java:73)
	at org.junit.platform.engine.support.hierarchical.NodeTestTask.executeRecursively(NodeTestTask.java:138)
	at org.junit.platform.engine.support.hierarchical.NodeTestTask.execute(NodeTestTask.java:95)
	at org.junit.platform.engine.support.hierarchical.SameThreadHierarchicalTestExecutorService.submit(SameThreadHierarchicalTestExecutorService.java:35)
	at org.junit.platform.engine.support.hierarchical.HierarchicalTestExecutor.execute(HierarchicalTestExecutor.java:57)
	at org.junit.platform.engine.support.hierarchical.HierarchicalTestEngine.execute(HierarchicalTestEngine.java:54)
	at org.junit.platform.launcher.core.EngineExecutionOrchestrator.execute(EngineExecutionOrchestrator.java:107)
	at org.junit.platform.launcher.core.EngineExecutionOrchestrator.execute(EngineExecutionOrchestrator.java:88)
	at org.junit.platform.launcher.core.EngineExecutionOrchestrator.lambda$execute$0(EngineExecutionOrchestrator.java:54)
	at org.junit.platform.launcher.core.EngineExecutionOrchestrator.withInterceptedStreams(EngineExecutionOrchestrator.java:67)
	at org.junit.platform.launcher.core.EngineExecutionOrchestrator.execute(EngineExecutionOrchestrator.java:52)
	at org.junit.platform.launcher.core.DefaultLauncher.execute(DefaultLauncher.java:114)
	at org.junit.platform.launcher.core.DefaultLauncher.execute(DefaultLauncher.java:86)
	at org.junit.platform.launcher.core.DefaultLauncherSession$DelegatingLauncher.execute(DefaultLauncherSession.java:86)
	at org.gradle.api.internal.tasks.testing.junitplatform.JUnitPlatformTestClassProcessor$CollectAllTestClassesExecutor.processAllTestClasses(JUnitPlatformTestClassProcessor.java:119)
	at org.gradle.api.internal.tasks.testing.junitplatform.JUnitPlatformTestClassProcessor$CollectAllTestClassesExecutor.access$000(JUnitPlatformTestClassProcessor.java:94)
	at org.gradle.api.internal.tasks.testing.junitplatform.JUnitPlatformTestClassProcessor.stop(JUnitPlatformTestClassProcessor.java:89)
	at org.gradle.api.internal.tasks.testing.SuiteTestClassProcessor.stop(SuiteTestClassProcessor.java:62)
	at sun.reflect.NativeMethodAccessorImpl.invoke0(Native Method)
	at sun.reflect.NativeMethodAccessorImpl.invoke(NativeMethodAccessorImpl.java:62)
	at sun.reflect.DelegatingMethodAccessorImpl.invoke(DelegatingMethodAccessorImpl.java:43)
	at java.lang.reflect.Method.invoke(Method.java:498)
	at org.gradle.internal.dispatch.ReflectionDispatch.dispatch(ReflectionDispatch.java:36)
	at org.gradle.internal.dispatch.ReflectionDispatch.dispatch(ReflectionDispatch.java:24)
	at org.gradle.internal.dispatch.ContextClassLoaderDispatch.dispatch(ContextClassLoaderDispatch.java:33)
	at org.gradle.internal.dispatch.ProxyDispatchAdapter$DispatchingInvocationHandler.invoke(ProxyDispatchAdapter.java:94)
	at com.sun.proxy.$Proxy2.stop(Unknown Source)
	at org.gradle.api.internal.tasks.testing.worker.TestWorker$3.run(TestWorker.java:193)
	at org.gradle.api.internal.tasks.testing.worker.TestWorker.executeAndMaintainThreadName(TestWorker.java:129)
	at org.gradle.api.internal.tasks.testing.worker.TestWorker.execute(TestWorker.java:100)
	at org.gradle.api.internal.tasks.testing.worker.TestWorker.execute(TestWorker.java:60)
	at org.gradle.process.internal.worker.child.ActionExecutionWorker.execute(ActionExecutionWorker.java:56)
	at org.gradle.process.internal.worker.child.SystemApplicationClassLoaderWorker.call(SystemApplicationClassLoaderWorker.java:113)
	at org.gradle.process.internal.worker.child.SystemApplicationClassLoaderWorker.call(SystemApplicationClassLoaderWorker.java:65)
	at worker.org.gradle.process.internal.worker.GradleWorkerMain.run(GradleWorkerMain.java:69)
	at worker.org.gradle.process.internal.worker.GradleWorkerMain.main(GradleWorkerMain.java:74)
Caused by: org.apache.kafka.common.KafkaException: Failed to close kafka producer
	at org.apache.kafka.clients.producer.KafkaProducer.close(KafkaProducer.java:1404)
	at org.apache.kafka.clients.producer.KafkaProducer.close(KafkaProducer.java:1339)
	at org.apache.kafka.clients.producer.KafkaProducer.close(KafkaProducer.java:1315)
	at org.apache.kafka.log4jappender.KafkaLog4jAppender.close(KafkaLog4jAppender.java:373)
	at org.apache.log4j.helpers.AppenderAttachableImpl.removeAllAppenders(AppenderAttachableImpl.java:114)
	at org.apache.log4j.Category.removeAllAppenders(Category.java:803)
	at org.apache.log4j.PropertyConfigurator.parseCategory(PropertyConfigurator.java:702)
	at org.apache.log4j.PropertyConfigurator.configureRootCategory(PropertyConfigurator.java:603)
	at org.apache.log4j.PropertyConfigurator.doConfigure(PropertyConfigurator.java:491)
	at org.apache.log4j.PropertyConfigurator.configure(PropertyConfigurator.java:430)
	at org.apache.kafka.log4jappender.KafkaLog4jAppenderTest.lambda$testKafkaLog4jConfigs$0(KafkaLog4jAppenderTest.java:63)
	at org.junit.jupiter.api.AssertThrows.assertThrows(AssertThrows.java:53)
	... 87 more
Caused by: java.lang.NullPointerException
	at org.apache.kafka.superstream.SuperstreamSerializer.close(SuperstreamSerializer.java:113)
	at org.apache.kafka.common.utils.Utils.closeQuietly(Utils.java:1171)
	at org.apache.kafka.clients.producer.KafkaProducer.close(KafkaProducer.java:1395)
	... 98 more
</pre>
</span>
</div>
<div class="test">
<a name="testSetSaslMechanism()"></a>
<h3 class="failures">testSetSaslMechanism()</h3>
<span class="code">
<pre>org.apache.kafka.common.KafkaException: Failed to close kafka producer
	at org.apache.kafka.clients.producer.KafkaProducer.close(KafkaProducer.java:1404)
	at org.apache.kafka.clients.producer.KafkaProducer.close(KafkaProducer.java:1339)
	at org.apache.kafka.clients.producer.KafkaProducer.close(KafkaProducer.java:1315)
	at org.apache.kafka.log4jappender.KafkaLog4jAppender.close(KafkaLog4jAppender.java:373)
	at org.apache.log4j.helpers.AppenderAttachableImpl.removeAllAppenders(AppenderAttachableImpl.java:114)
	at org.apache.log4j.Category.removeAllAppenders(Category.java:803)
	at org.apache.log4j.PropertyConfigurator.parseCategory(PropertyConfigurator.java:702)
	at org.apache.log4j.PropertyConfigurator.configureRootCategory(PropertyConfigurator.java:603)
	at org.apache.log4j.PropertyConfigurator.doConfigure(PropertyConfigurator.java:491)
	at org.apache.log4j.PropertyConfigurator.configure(PropertyConfigurator.java:430)
	at org.apache.kafka.log4jappender.KafkaLog4jAppenderTest.testSetSaslMechanism(KafkaLog4jAppenderTest.java:80)
	at sun.reflect.NativeMethodAccessorImpl.invoke0(Native Method)
	at sun.reflect.NativeMethodAccessorImpl.invoke(NativeMethodAccessorImpl.java:62)
	at sun.reflect.DelegatingMethodAccessorImpl.invoke(DelegatingMethodAccessorImpl.java:43)
	at java.lang.reflect.Method.invoke(Method.java:498)
	at org.junit.platform.commons.util.ReflectionUtils.invokeMethod(ReflectionUtils.java:728)
	at org.junit.jupiter.engine.execution.MethodInvocation.proceed(MethodInvocation.java:60)
	at org.junit.jupiter.engine.execution.InvocationInterceptorChain$ValidatingInvocation.proceed(InvocationInterceptorChain.java:131)
	at org.junit.jupiter.engine.extension.TimeoutExtension.intercept(TimeoutExtension.java:156)
	at org.junit.jupiter.engine.extension.TimeoutExtension.interceptTestableMethod(TimeoutExtension.java:147)
	at org.junit.jupiter.engine.extension.TimeoutExtension.interceptTestMethod(TimeoutExtension.java:86)
	at org.junit.jupiter.engine.execution.InterceptingExecutableInvoker$ReflectiveInterceptorCall.lambda$ofVoidMethod$0(InterceptingExecutableInvoker.java:103)
	at org.junit.jupiter.engine.execution.InterceptingExecutableInvoker.lambda$invoke$0(InterceptingExecutableInvoker.java:93)
	at org.junit.jupiter.engine.execution.InvocationInterceptorChain$InterceptedInvocation.proceed(InvocationInterceptorChain.java:106)
	at org.junit.jupiter.engine.execution.InvocationInterceptorChain.proceed(InvocationInterceptorChain.java:64)
	at org.junit.jupiter.engine.execution.InvocationInterceptorChain.chainAndInvoke(InvocationInterceptorChain.java:45)
	at org.junit.jupiter.engine.execution.InvocationInterceptorChain.invoke(InvocationInterceptorChain.java:37)
	at org.junit.jupiter.engine.execution.InterceptingExecutableInvoker.invoke(InterceptingExecutableInvoker.java:92)
	at org.junit.jupiter.engine.execution.InterceptingExecutableInvoker.invoke(InterceptingExecutableInvoker.java:86)
	at org.junit.jupiter.engine.descriptor.TestMethodTestDescriptor.lambda$invokeTestMethod$7(TestMethodTestDescriptor.java:218)
	at org.junit.platform.engine.support.hierarchical.ThrowableCollector.execute(ThrowableCollector.java:73)
	at org.junit.jupiter.engine.descriptor.TestMethodTestDescriptor.invokeTestMethod(TestMethodTestDescriptor.java:214)
	at org.junit.jupiter.engine.descriptor.TestMethodTestDescriptor.execute(TestMethodTestDescriptor.java:139)
	at org.junit.jupiter.engine.descriptor.TestMethodTestDescriptor.execute(TestMethodTestDescriptor.java:69)
	at org.junit.platform.engine.support.hierarchical.NodeTestTask.lambda$executeRecursively$6(NodeTestTask.java:151)
	at org.junit.platform.engine.support.hierarchical.ThrowableCollector.execute(ThrowableCollector.java:73)
	at org.junit.platform.engine.support.hierarchical.NodeTestTask.lambda$executeRecursively$8(NodeTestTask.java:141)
	at org.junit.platform.engine.support.hierarchical.Node.around(Node.java:137)
	at org.junit.platform.engine.support.hierarchical.NodeTestTask.lambda$executeRecursively$9(NodeTestTask.java:139)
	at org.junit.platform.engine.support.hierarchical.ThrowableCollector.execute(ThrowableCollector.java:73)
	at org.junit.platform.engine.support.hierarchical.NodeTestTask.executeRecursively(NodeTestTask.java:138)
	at org.junit.platform.engine.support.hierarchical.NodeTestTask.execute(NodeTestTask.java:95)
	at java.util.ArrayList.forEach(ArrayList.java:1259)
	at org.junit.platform.engine.support.hierarchical.SameThreadHierarchicalTestExecutorService.invokeAll(SameThreadHierarchicalTestExecutorService.java:41)
	at org.junit.platform.engine.support.hierarchical.NodeTestTask.lambda$executeRecursively$6(NodeTestTask.java:155)
	at org.junit.platform.engine.support.hierarchical.ThrowableCollector.execute(ThrowableCollector.java:73)
	at org.junit.platform.engine.support.hierarchical.NodeTestTask.lambda$executeRecursively$8(NodeTestTask.java:141)
	at org.junit.platform.engine.support.hierarchical.Node.around(Node.java:137)
	at org.junit.platform.engine.support.hierarchical.NodeTestTask.lambda$executeRecursively$9(NodeTestTask.java:139)
	at org.junit.platform.engine.support.hierarchical.ThrowableCollector.execute(ThrowableCollector.java:73)
	at org.junit.platform.engine.support.hierarchical.NodeTestTask.executeRecursively(NodeTestTask.java:138)
	at org.junit.platform.engine.support.hierarchical.NodeTestTask.execute(NodeTestTask.java:95)
	at java.util.ArrayList.forEach(ArrayList.java:1259)
	at org.junit.platform.engine.support.hierarchical.SameThreadHierarchicalTestExecutorService.invokeAll(SameThreadHierarchicalTestExecutorService.java:41)
	at org.junit.platform.engine.support.hierarchical.NodeTestTask.lambda$executeRecursively$6(NodeTestTask.java:155)
	at org.junit.platform.engine.support.hierarchical.ThrowableCollector.execute(ThrowableCollector.java:73)
	at org.junit.platform.engine.support.hierarchical.NodeTestTask.lambda$executeRecursively$8(NodeTestTask.java:141)
	at org.junit.platform.engine.support.hierarchical.Node.around(Node.java:137)
	at org.junit.platform.engine.support.hierarchical.NodeTestTask.lambda$executeRecursively$9(NodeTestTask.java:139)
	at org.junit.platform.engine.support.hierarchical.ThrowableCollector.execute(ThrowableCollector.java:73)
	at org.junit.platform.engine.support.hierarchical.NodeTestTask.executeRecursively(NodeTestTask.java:138)
	at org.junit.platform.engine.support.hierarchical.NodeTestTask.execute(NodeTestTask.java:95)
	at org.junit.platform.engine.support.hierarchical.SameThreadHierarchicalTestExecutorService.submit(SameThreadHierarchicalTestExecutorService.java:35)
	at org.junit.platform.engine.support.hierarchical.HierarchicalTestExecutor.execute(HierarchicalTestExecutor.java:57)
	at org.junit.platform.engine.support.hierarchical.HierarchicalTestEngine.execute(HierarchicalTestEngine.java:54)
	at org.junit.platform.launcher.core.EngineExecutionOrchestrator.execute(EngineExecutionOrchestrator.java:107)
	at org.junit.platform.launcher.core.EngineExecutionOrchestrator.execute(EngineExecutionOrchestrator.java:88)
	at org.junit.platform.launcher.core.EngineExecutionOrchestrator.lambda$execute$0(EngineExecutionOrchestrator.java:54)
	at org.junit.platform.launcher.core.EngineExecutionOrchestrator.withInterceptedStreams(EngineExecutionOrchestrator.java:67)
	at org.junit.platform.launcher.core.EngineExecutionOrchestrator.execute(EngineExecutionOrchestrator.java:52)
	at org.junit.platform.launcher.core.DefaultLauncher.execute(DefaultLauncher.java:114)
	at org.junit.platform.launcher.core.DefaultLauncher.execute(DefaultLauncher.java:86)
	at org.junit.platform.launcher.core.DefaultLauncherSession$DelegatingLauncher.execute(DefaultLauncherSession.java:86)
	at org.gradle.api.internal.tasks.testing.junitplatform.JUnitPlatformTestClassProcessor$CollectAllTestClassesExecutor.processAllTestClasses(JUnitPlatformTestClassProcessor.java:119)
	at org.gradle.api.internal.tasks.testing.junitplatform.JUnitPlatformTestClassProcessor$CollectAllTestClassesExecutor.access$000(JUnitPlatformTestClassProcessor.java:94)
	at org.gradle.api.internal.tasks.testing.junitplatform.JUnitPlatformTestClassProcessor.stop(JUnitPlatformTestClassProcessor.java:89)
	at org.gradle.api.internal.tasks.testing.SuiteTestClassProcessor.stop(SuiteTestClassProcessor.java:62)
	at sun.reflect.NativeMethodAccessorImpl.invoke0(Native Method)
	at sun.reflect.NativeMethodAccessorImpl.invoke(NativeMethodAccessorImpl.java:62)
	at sun.reflect.DelegatingMethodAccessorImpl.invoke(DelegatingMethodAccessorImpl.java:43)
	at java.lang.reflect.Method.invoke(Method.java:498)
	at org.gradle.internal.dispatch.ReflectionDispatch.dispatch(ReflectionDispatch.java:36)
	at org.gradle.internal.dispatch.ReflectionDispatch.dispatch(ReflectionDispatch.java:24)
	at org.gradle.internal.dispatch.ContextClassLoaderDispatch.dispatch(ContextClassLoaderDispatch.java:33)
	at org.gradle.internal.dispatch.ProxyDispatchAdapter$DispatchingInvocationHandler.invoke(ProxyDispatchAdapter.java:94)
	at com.sun.proxy.$Proxy2.stop(Unknown Source)
	at org.gradle.api.internal.tasks.testing.worker.TestWorker$3.run(TestWorker.java:193)
	at org.gradle.api.internal.tasks.testing.worker.TestWorker.executeAndMaintainThreadName(TestWorker.java:129)
	at org.gradle.api.internal.tasks.testing.worker.TestWorker.execute(TestWorker.java:100)
	at org.gradle.api.internal.tasks.testing.worker.TestWorker.execute(TestWorker.java:60)
	at org.gradle.process.internal.worker.child.ActionExecutionWorker.execute(ActionExecutionWorker.java:56)
	at org.gradle.process.internal.worker.child.SystemApplicationClassLoaderWorker.call(SystemApplicationClassLoaderWorker.java:113)
	at org.gradle.process.internal.worker.child.SystemApplicationClassLoaderWorker.call(SystemApplicationClassLoaderWorker.java:65)
	at worker.org.gradle.process.internal.worker.GradleWorkerMain.run(GradleWorkerMain.java:69)
	at worker.org.gradle.process.internal.worker.GradleWorkerMain.main(GradleWorkerMain.java:74)
Caused by: java.lang.NullPointerException
	at org.apache.kafka.superstream.SuperstreamSerializer.close(SuperstreamSerializer.java:113)
	at org.apache.kafka.common.utils.Utils.closeQuietly(Utils.java:1171)
	at org.apache.kafka.clients.producer.KafkaProducer.close(KafkaProducer.java:1395)
	... 94 more
</pre>
</span>
</div>
</div>
<div id="tab1" class="tab">
<h2>Tests</h2>
<table>
<thead>
<tr>
<th>Test</th>
<th>Duration</th>
<th>Result</th>
</tr>
</thead>
<tr>
<td class="success">testJaasConfigNotSet()</td>
<td class="success">0.127s</td>
<td class="success">passed</td>
</tr>
<tr>
<td class="failures">testKafkaLog4jConfigs()</td>
<td class="failures">0.058s</td>
<td class="failures">failed</td>
</tr>
<tr>
<td class="success">testLog4jAppends()</td>
<td class="success">0.147s</td>
<td class="success">passed</td>
</tr>
<tr>
<td class="success">testRealProducerConfigWithSyncSendAndNotIgnoringExceptionsShouldThrowException()</td>
<td class="success">2.176s</td>
<td class="success">passed</td>
</tr>
<tr>
<td class="success">testRealProducerConfigWithSyncSendShouldNotThrowException()</td>
<td class="success">0.196s</td>
<td class="success">passed</td>
</tr>
<tr>
<td class="success">testSaslMechanismNotSet()</td>
<td class="success">0.030s</td>
<td class="success">passed</td>
</tr>
<tr>
<td class="success">testSetJaasConfig()</td>
<td class="success">0.003s</td>
<td class="success">passed</td>
</tr>
<tr>
<td class="failures">testSetSaslMechanism()</td>
<td class="failures">0.860s</td>
<td class="failures">failed</td>
</tr>
<tr>
<td class="success">testSyncSendAndSimulateProducerFailShouldThrowException()</td>
<td class="success">0.053s</td>
<td class="success">passed</td>
</tr>
<tr>
<td class="success">testSyncSendWithoutIgnoringExceptionsShouldNotThrowException()</td>
<td class="success">5.047s</td>
<td class="success">passed</td>
</tr>
</table>
</div>
<div id="tab2" class="tab">
<h2>Standard output</h2>
<span class="code">
<pre>log4j: Parsing for [root] with value=[INFO, KAFKA].
log4j: Level token is [INFO].
log4j: Category root set to INFO
log4j: Parsing appender named &quot;KAFKA&quot;.
log4j: Parsing layout options for &quot;KAFKA&quot;.
log4j: Setting property [conversionPattern] to [%-5p: %c - %m%n].
log4j: End of parsing for &quot;KAFKA&quot;.
log4j: Setting property [requiredNumAcks] to [-1].
log4j: Setting property [brokerList] to [127.0.0.1:9093].
log4j: Setting property [topic] to [test-topic].
log4j: Setting property [syncSend] to [true].
log4j: Setting property [ignoreExceptions] to [false].
log4j: Kafka producer connected to 127.0.0.1:9093
log4j: Logging for topic: test-topic
log4j: Parsed &quot;KAFKA&quot; options.
log4j: Parsing for [kafka.log4j] with value=[INFO, KAFKA].
log4j: Level token is [INFO].
log4j: Category kafka.log4j set to INFO
log4j: Parsing appender named &quot;KAFKA&quot;.
log4j: Appender &quot;KAFKA&quot; was already parsed.
log4j: Handling log4j.additivity.kafka.log4j=[null]
log4j: Finished configuring.
log4j: Kafka producer connected to 127.0.0.1:9093
log4j: Logging for topic: test-topic
log4j: [Tue Apr 09 14:19:30 IDT 2024]ERROR: org.apache.kafka.log4jappender.KafkaLog4jAppenderTest - [B@9635fa

log4j: Parsing for [root] with value=[INFO, KAFKA].
log4j: Level token is [INFO].
log4j: Category root set to INFO
log4j: Parsing appender named &quot;KAFKA&quot;.
log4j: Parsing layout options for &quot;KAFKA&quot;.
log4j: Setting property [conversionPattern] to [%-5p: %c - %m%n].
log4j: End of parsing for &quot;KAFKA&quot;.
log4j: Setting property [requiredNumAcks] to [-1].
log4j: Setting property [brokerList] to [127.0.0.1:9093].
log4j: Setting property [topic] to [test-topic].
log4j: Setting property [syncSend] to [false].
log4j: Kafka producer connected to 127.0.0.1:9093
log4j: Logging for topic: test-topic
log4j: Parsed &quot;KAFKA&quot; options.
log4j: Parsing for [kafka.log4j] with value=[INFO, KAFKA].
log4j: Level token is [INFO].
log4j: Category kafka.log4j set to INFO
log4j: Parsing appender named &quot;KAFKA&quot;.
log4j: Appender &quot;KAFKA&quot; was already parsed.
log4j: Handling log4j.additivity.kafka.log4j=[null]
log4j: Finished configuring.
log4j: [Tue Apr 09 14:19:31 IDT 2024]ERROR: org.apache.kafka.log4jappender.KafkaLog4jAppenderTest - [B@4ef27d66

log4j: [Tue Apr 09 14:19:31 IDT 2024]ERROR: org.apache.kafka.log4jappender.KafkaLog4jAppenderTest - [B@439a8f59

log4j: [Tue Apr 09 14:19:31 IDT 2024]ERROR: org.apache.kafka.log4jappender.KafkaLog4jAppenderTest - [B@61861a29

log4j: [Tue Apr 09 14:19:31 IDT 2024]ERROR: org.apache.kafka.log4jappender.KafkaLog4jAppenderTest - [B@31024624

log4j: [Tue Apr 09 14:19:31 IDT 2024]ERROR: org.apache.kafka.log4jappender.KafkaLog4jAppenderTest - [B@25bcd0c7

log4j: Parsing for [root] with value=[INFO, KAFKA].
log4j: Level token is [INFO].
log4j: Category root set to INFO
log4j: Parsing appender named &quot;KAFKA&quot;.
log4j: Parsing layout options for &quot;KAFKA&quot;.
log4j: Setting property [conversionPattern] to [%-5p: %c - %m%n].
log4j: End of parsing for &quot;KAFKA&quot;.
log4j: Setting property [maxBlockMs] to [10].
log4j: Setting property [requiredNumAcks] to [-1].
log4j: Setting property [brokerList] to [127.0.0.2:9093].
log4j: Setting property [topic] to [test-topic].
log4j: Setting property [syncSend] to [true].
log4j: Setting property [ignoreExceptions] to [false].
superstream: error initializing superstream: token is required
log4j: Kafka producer connected to 127.0.0.2:9093
log4j: Logging for topic: test-topic
log4j: Parsed &quot;KAFKA&quot; options.
log4j: Parsing for [kafka.log4j] with value=[INFO, KAFKA].
log4j: Level token is [INFO].
log4j: Category kafka.log4j set to INFO
log4j: Parsing appender named &quot;KAFKA&quot;.
log4j: Appender &quot;KAFKA&quot; was already parsed.
log4j: Handling log4j.additivity.kafka.log4j=[null]
log4j: Finished configuring.
log4j: [Tue Apr 09 14:19:33 IDT 2024]ERROR: org.apache.kafka.log4jappender.KafkaLog4jAppenderTest - [B@12f3afb5

log4j: Parsing for [root] with value=[INFO, KAFKA].
log4j: Level token is [INFO].
log4j: Category root set to INFO
log4j: Parsing for [root] with value=[INFO, KAFKA].
log4j: Level token is [INFO].
log4j: Category root set to INFO
log4j: Parsing appender named &quot;KAFKA&quot;.
log4j: Parsing layout options for &quot;KAFKA&quot;.
log4j: Setting property [conversionPattern] to [%-5p: %c - %m%n].
log4j: End of parsing for &quot;KAFKA&quot;.
log4j: Setting property [requiredNumAcks] to [-1].
log4j: Setting property [brokerList] to [127.0.0.1:9093].
log4j: Setting property [topic] to [test-topic].
log4j: Setting property [syncSend] to [false].
log4j: Kafka producer connected to 127.0.0.1:9093
log4j: Logging for topic: test-topic
log4j: Parsed &quot;KAFKA&quot; options.
log4j: Parsing for [kafka.log4j] with value=[INFO, KAFKA].
log4j: Level token is [INFO].
log4j: Category kafka.log4j set to INFO
log4j: Parsing appender named &quot;KAFKA&quot;.
log4j: Appender &quot;KAFKA&quot; was already parsed.
log4j: Handling log4j.additivity.kafka.log4j=[null]
log4j: Finished configuring.
log4j: Parsing for [root] with value=[INFO, KAFKA].
log4j: Level token is [INFO].
log4j: Category root set to INFO
log4j: Parsing appender named &quot;KAFKA&quot;.
log4j: Parsing layout options for &quot;KAFKA&quot;.
log4j: Setting property [conversionPattern] to [%-5p: %c - %m%n].
log4j: End of parsing for &quot;KAFKA&quot;.
log4j: Setting property [maxBlockMs] to [10].
log4j: Setting property [requiredNumAcks] to [-1].
log4j: Setting property [brokerList] to [127.0.0.2:9093].
log4j: Setting property [topic] to [test-topic].
log4j: Setting property [syncSend] to [true].
log4j: Setting property [ignoreExceptions] to [true].
superstream: error initializing superstream: token is required
log4j: Kafka producer connected to 127.0.0.2:9093
log4j: Logging for topic: test-topic
log4j: Parsed &quot;KAFKA&quot; options.
log4j: Parsing for [kafka.log4j] with value=[INFO, KAFKA].
log4j: Level token is [INFO].
log4j: Category kafka.log4j set to INFO
log4j: Parsing appender named &quot;KAFKA&quot;.
log4j: Appender &quot;KAFKA&quot; was already parsed.
log4j: Handling log4j.additivity.kafka.log4j=[null]
log4j: Finished configuring.
log4j: [Tue Apr 09 14:19:34 IDT 2024]ERROR: org.apache.kafka.log4jappender.KafkaLog4jAppenderTest - [B@2e6ee0bc

log4j: Exception while getting response
java.util.concurrent.ExecutionException: org.apache.kafka.common.errors.TimeoutException: Topic test-topic not present in metadata after 10 ms.
	at org.apache.kafka.clients.producer.KafkaProducer$FutureFailure.&lt;init&gt;(KafkaProducer.java:1475)
	at org.apache.kafka.clients.producer.KafkaProducer.doSend(KafkaProducer.java:1086)
	at org.apache.kafka.clients.producer.KafkaProducer.send(KafkaProducer.java:964)
	at org.apache.kafka.clients.producer.KafkaProducer.send(KafkaProducer.java:849)
	at org.apache.kafka.log4jappender.KafkaLog4jAppender.append(KafkaLog4jAppender.java:352)
	at org.apache.log4j.AppenderSkeleton.doAppend(AppenderSkeleton.java:228)
	at org.apache.log4j.helpers.AppenderAttachableImpl.appendLoopOnAppenders(AppenderAttachableImpl.java:56)
	at org.apache.log4j.Category.callAppenders(Category.java:194)
	at org.apache.log4j.Category.forcedLog(Category.java:364)
	at org.apache.log4j.Category.error(Category.java:287)
	at org.apache.kafka.log4jappender.KafkaLog4jAppenderTest.testRealProducerConfigWithSyncSendShouldNotThrowException(KafkaLog4jAppenderTest.java:152)
	at sun.reflect.NativeMethodAccessorImpl.invoke0(Native Method)
	at sun.reflect.NativeMethodAccessorImpl.invoke(NativeMethodAccessorImpl.java:62)
	at sun.reflect.DelegatingMethodAccessorImpl.invoke(DelegatingMethodAccessorImpl.java:43)
	at java.lang.reflect.Method.invoke(Method.java:498)
	at org.junit.platform.commons.util.ReflectionUtils.invokeMethod(ReflectionUtils.java:728)
	at org.junit.jupiter.engine.execution.MethodInvocation.proceed(MethodInvocation.java:60)
	at org.junit.jupiter.engine.execution.InvocationInterceptorChain$ValidatingInvocation.proceed(InvocationInterceptorChain.java:131)
	at org.junit.jupiter.engine.extension.TimeoutExtension.intercept(TimeoutExtension.java:156)
	at org.junit.jupiter.engine.extension.TimeoutExtension.interceptTestableMethod(TimeoutExtension.java:147)
	at org.junit.jupiter.engine.extension.TimeoutExtension.interceptTestMethod(TimeoutExtension.java:86)
	at org.junit.jupiter.engine.execution.InterceptingExecutableInvoker$ReflectiveInterceptorCall.lambda$ofVoidMethod$0(InterceptingExecutableInvoker.java:103)
	at org.junit.jupiter.engine.execution.InterceptingExecutableInvoker.lambda$invoke$0(InterceptingExecutableInvoker.java:93)
	at org.junit.jupiter.engine.execution.InvocationInterceptorChain$InterceptedInvocation.proceed(InvocationInterceptorChain.java:106)
	at org.junit.jupiter.engine.execution.InvocationInterceptorChain.proceed(InvocationInterceptorChain.java:64)
	at org.junit.jupiter.engine.execution.InvocationInterceptorChain.chainAndInvoke(InvocationInterceptorChain.java:45)
	at org.junit.jupiter.engine.execution.InvocationInterceptorChain.invoke(InvocationInterceptorChain.java:37)
	at org.junit.jupiter.engine.execution.InterceptingExecutableInvoker.invoke(InterceptingExecutableInvoker.java:92)
	at org.junit.jupiter.engine.execution.InterceptingExecutableInvoker.invoke(InterceptingExecutableInvoker.java:86)
	at org.junit.jupiter.engine.descriptor.TestMethodTestDescriptor.lambda$invokeTestMethod$7(TestMethodTestDescriptor.java:218)
	at org.junit.platform.engine.support.hierarchical.ThrowableCollector.execute(ThrowableCollector.java:73)
	at org.junit.jupiter.engine.descriptor.TestMethodTestDescriptor.invokeTestMethod(TestMethodTestDescriptor.java:214)
	at org.junit.jupiter.engine.descriptor.TestMethodTestDescriptor.execute(TestMethodTestDescriptor.java:139)
	at org.junit.jupiter.engine.descriptor.TestMethodTestDescriptor.execute(TestMethodTestDescriptor.java:69)
	at org.junit.platform.engine.support.hierarchical.NodeTestTask.lambda$executeRecursively$6(NodeTestTask.java:151)
	at org.junit.platform.engine.support.hierarchical.ThrowableCollector.execute(ThrowableCollector.java:73)
	at org.junit.platform.engine.support.hierarchical.NodeTestTask.lambda$executeRecursively$8(NodeTestTask.java:141)
	at org.junit.platform.engine.support.hierarchical.Node.around(Node.java:137)
	at org.junit.platform.engine.support.hierarchical.NodeTestTask.lambda$executeRecursively$9(NodeTestTask.java:139)
	at org.junit.platform.engine.support.hierarchical.ThrowableCollector.execute(ThrowableCollector.java:73)
	at org.junit.platform.engine.support.hierarchical.NodeTestTask.executeRecursively(NodeTestTask.java:138)
	at org.junit.platform.engine.support.hierarchical.NodeTestTask.execute(NodeTestTask.java:95)
	at java.util.ArrayList.forEach(ArrayList.java:1259)
	at org.junit.platform.engine.support.hierarchical.SameThreadHierarchicalTestExecutorService.invokeAll(SameThreadHierarchicalTestExecutorService.java:41)
	at org.junit.platform.engine.support.hierarchical.NodeTestTask.lambda$executeRecursively$6(NodeTestTask.java:155)
	at org.junit.platform.engine.support.hierarchical.ThrowableCollector.execute(ThrowableCollector.java:73)
	at org.junit.platform.engine.support.hierarchical.NodeTestTask.lambda$executeRecursively$8(NodeTestTask.java:141)
	at org.junit.platform.engine.support.hierarchical.Node.around(Node.java:137)
	at org.junit.platform.engine.support.hierarchical.NodeTestTask.lambda$executeRecursively$9(NodeTestTask.java:139)
	at org.junit.platform.engine.support.hierarchical.ThrowableCollector.execute(ThrowableCollector.java:73)
	at org.junit.platform.engine.support.hierarchical.NodeTestTask.executeRecursively(NodeTestTask.java:138)
	at org.junit.platform.engine.support.hierarchical.NodeTestTask.execute(NodeTestTask.java:95)
	at java.util.ArrayList.forEach(ArrayList.java:1259)
	at org.junit.platform.engine.support.hierarchical.SameThreadHierarchicalTestExecutorService.invokeAll(SameThreadHierarchicalTestExecutorService.java:41)
	at org.junit.platform.engine.support.hierarchical.NodeTestTask.lambda$executeRecursively$6(NodeTestTask.java:155)
	at org.junit.platform.engine.support.hierarchical.ThrowableCollector.execute(ThrowableCollector.java:73)
	at org.junit.platform.engine.support.hierarchical.NodeTestTask.lambda$executeRecursively$8(NodeTestTask.java:141)
	at org.junit.platform.engine.support.hierarchical.Node.around(Node.java:137)
	at org.junit.platform.engine.support.hierarchical.NodeTestTask.lambda$executeRecursively$9(NodeTestTask.java:139)
	at org.junit.platform.engine.support.hierarchical.ThrowableCollector.execute(ThrowableCollector.java:73)
	at org.junit.platform.engine.support.hierarchical.NodeTestTask.executeRecursively(NodeTestTask.java:138)
	at org.junit.platform.engine.support.hierarchical.NodeTestTask.execute(NodeTestTask.java:95)
	at org.junit.platform.engine.support.hierarchical.SameThreadHierarchicalTestExecutorService.submit(SameThreadHierarchicalTestExecutorService.java:35)
	at org.junit.platform.engine.support.hierarchical.HierarchicalTestExecutor.execute(HierarchicalTestExecutor.java:57)
	at org.junit.platform.engine.support.hierarchical.HierarchicalTestEngine.execute(HierarchicalTestEngine.java:54)
	at org.junit.platform.launcher.core.EngineExecutionOrchestrator.execute(EngineExecutionOrchestrator.java:107)
	at org.junit.platform.launcher.core.EngineExecutionOrchestrator.execute(EngineExecutionOrchestrator.java:88)
	at org.junit.platform.launcher.core.EngineExecutionOrchestrator.lambda$execute$0(EngineExecutionOrchestrator.java:54)
	at org.junit.platform.launcher.core.EngineExecutionOrchestrator.withInterceptedStreams(EngineExecutionOrchestrator.java:67)
	at org.junit.platform.launcher.core.EngineExecutionOrchestrator.execute(EngineExecutionOrchestrator.java:52)
	at org.junit.platform.launcher.core.DefaultLauncher.execute(DefaultLauncher.java:114)
	at org.junit.platform.launcher.core.DefaultLauncher.execute(DefaultLauncher.java:86)
	at org.junit.platform.launcher.core.DefaultLauncherSession$DelegatingLauncher.execute(DefaultLauncherSession.java:86)
	at org.gradle.api.internal.tasks.testing.junitplatform.JUnitPlatformTestClassProcessor$CollectAllTestClassesExecutor.processAllTestClasses(JUnitPlatformTestClassProcessor.java:119)
	at org.gradle.api.internal.tasks.testing.junitplatform.JUnitPlatformTestClassProcessor$CollectAllTestClassesExecutor.access$000(JUnitPlatformTestClassProcessor.java:94)
	at org.gradle.api.internal.tasks.testing.junitplatform.JUnitPlatformTestClassProcessor.stop(JUnitPlatformTestClassProcessor.java:89)
	at org.gradle.api.internal.tasks.testing.SuiteTestClassProcessor.stop(SuiteTestClassProcessor.java:62)
	at sun.reflect.NativeMethodAccessorImpl.invoke0(Native Method)
	at sun.reflect.NativeMethodAccessorImpl.invoke(NativeMethodAccessorImpl.java:62)
	at sun.reflect.DelegatingMethodAccessorImpl.invoke(DelegatingMethodAccessorImpl.java:43)
	at java.lang.reflect.Method.invoke(Method.java:498)
	at org.gradle.internal.dispatch.ReflectionDispatch.dispatch(ReflectionDispatch.java:36)
	at org.gradle.internal.dispatch.ReflectionDispatch.dispatch(ReflectionDispatch.java:24)
	at org.gradle.internal.dispatch.ContextClassLoaderDispatch.dispatch(ContextClassLoaderDispatch.java:33)
	at org.gradle.internal.dispatch.ProxyDispatchAdapter$DispatchingInvocationHandler.invoke(ProxyDispatchAdapter.java:94)
	at com.sun.proxy.$Proxy2.stop(Unknown Source)
	at org.gradle.api.internal.tasks.testing.worker.TestWorker$3.run(TestWorker.java:193)
	at org.gradle.api.internal.tasks.testing.worker.TestWorker.executeAndMaintainThreadName(TestWorker.java:129)
	at org.gradle.api.internal.tasks.testing.worker.TestWorker.execute(TestWorker.java:100)
	at org.gradle.api.internal.tasks.testing.worker.TestWorker.execute(TestWorker.java:60)
	at org.gradle.process.internal.worker.child.ActionExecutionWorker.execute(ActionExecutionWorker.java:56)
	at org.gradle.process.internal.worker.child.SystemApplicationClassLoaderWorker.call(SystemApplicationClassLoaderWorker.java:113)
	at org.gradle.process.internal.worker.child.SystemApplicationClassLoaderWorker.call(SystemApplicationClassLoaderWorker.java:65)
	at worker.org.gradle.process.internal.worker.GradleWorkerMain.run(GradleWorkerMain.java:69)
	at worker.org.gradle.process.internal.worker.GradleWorkerMain.main(GradleWorkerMain.java:74)
Caused by: org.apache.kafka.common.errors.TimeoutException: Topic test-topic not present in metadata after 10 ms.
log4j: Parsing for [root] with value=[INFO].
log4j: Level token is [INFO].
log4j: Category root set to INFO
log4j: Parsing for [root] with value=[INFO, KAFKA].
log4j: Level token is [INFO].
log4j: Category root set to INFO
log4j: Parsing appender named &quot;KAFKA&quot;.
log4j: Parsing layout options for &quot;KAFKA&quot;.
log4j: Setting property [conversionPattern] to [%-5p: %c - %m%n].
log4j: End of parsing for &quot;KAFKA&quot;.
log4j: Setting property [requiredNumAcks] to [-1].
log4j: Setting property [brokerList] to [127.0.0.1:9093].
log4j: Setting property [topic] to [test-topic].
log4j: Setting property [syncSend] to [true].
log4j: Setting property [ignoreExceptions] to [false].
log4j: Kafka producer connected to 127.0.0.1:9093
log4j: Logging for topic: test-topic
log4j: Parsed &quot;KAFKA&quot; options.
log4j: Parsing for [kafka.log4j] with value=[INFO, KAFKA].
log4j: Level token is [INFO].
log4j: Category kafka.log4j set to INFO
log4j: Parsing appender named &quot;KAFKA&quot;.
log4j: Appender &quot;KAFKA&quot; was already parsed.
log4j: Handling log4j.additivity.kafka.log4j=[null]
log4j: Finished configuring.
log4j: Kafka producer connected to 127.0.0.1:9093
log4j: Logging for topic: test-topic
log4j: [Tue Apr 09 14:19:34 IDT 2024]ERROR: org.apache.kafka.log4jappender.KafkaLog4jAppenderTest - [B@e362c57

log4j: Parsing for [root] with value=[INFO, KAFKA].
log4j: Level token is [INFO].
log4j: Category root set to INFO
log4j: Parsing appender named &quot;KAFKA&quot;.
log4j: Parsing layout options for &quot;KAFKA&quot;.
log4j: Setting property [conversionPattern] to [%-5p: %c - %m%n].
log4j: End of parsing for &quot;KAFKA&quot;.
log4j: Setting property [requiredNumAcks] to [-1].
log4j: Setting property [brokerList] to [127.0.0.1:9093].
log4j: Setting property [topic] to [test-topic].
log4j: Setting property [syncSend] to [false].
log4j: Kafka producer connected to 127.0.0.1:9093
log4j: Logging for topic: test-topic
log4j: Parsed &quot;KAFKA&quot; options.
log4j: Parsing for [kafka.log4j] with value=[INFO, KAFKA].
log4j: Level token is [INFO].
log4j: Category kafka.log4j set to INFO
log4j: Parsing appender named &quot;KAFKA&quot;.
log4j: Appender &quot;KAFKA&quot; was already parsed.
log4j: Handling log4j.additivity.kafka.log4j=[null]
log4j: Finished configuring.
log4j: Parsing for [root] with value=[INFO, KAFKA].
log4j: Level token is [INFO].
log4j: Category root set to INFO
log4j: Parsing appender named &quot;KAFKA&quot;.
log4j: Parsing layout options for &quot;KAFKA&quot;.
log4j: Setting property [conversionPattern] to [%-5p: %c - %m%n].
log4j: End of parsing for &quot;KAFKA&quot;.
log4j: Setting property [requiredNumAcks] to [-1].
log4j: Setting property [clientJaasConf] to [jaas-config].
log4j: Setting property [brokerList] to [127.0.0.1:9093].
log4j: Setting property [topic] to [test-topic].
log4j: Setting property [syncSend] to [false].
log4j: Kafka producer connected to 127.0.0.1:9093
log4j: Logging for topic: test-topic
log4j: Parsed &quot;KAFKA&quot; options.
log4j: Parsing for [kafka.log4j] with value=[INFO, KAFKA].
log4j: Level token is [INFO].
log4j: Category kafka.log4j set to INFO
log4j: Parsing appender named &quot;KAFKA&quot;.
log4j: Appender &quot;KAFKA&quot; was already parsed.
log4j: Handling log4j.additivity.kafka.log4j=[null]
log4j: Finished configuring.
</pre>
</span>
</div>
<div id="tab3" class="tab">
<h2>Standard error</h2>
<span class="code">
<pre>log4j:ERROR Attempted to append to closed appender named [KAFKA].
log4j:ERROR Attempted to append to closed appender named [KAFKA].
</pre>
</span>
</div>
</div>
<div id="footer">
<p>
<div>
<label class="hidden" id="label-for-line-wrapping-toggle" for="line-wrapping-toggle">Wrap lines
<input id="line-wrapping-toggle" type="checkbox" autocomplete="off"/>
</label>
</div>Generated by 
<a href="http://www.gradle.org">Gradle 8.7</a> at Apr 9, 2024 2:19:39 PM</p>
</div>
</div>
</body>
</html>
