<?xml version="1.0" encoding="UTF-8"?>
<testsuite name="org.apache.kafka.coordinator.group.RecordHelpersTest" tests="133" skipped="0" failures="0" errors="0" timestamp="2024-04-09T11:19:08" hostname="ip-192-168-1-113.eu-central-1.compute.internal" time="7.196">
  <properties/>
  <testcase name="[1] metadataVersion=0.8.0" classname="org.apache.kafka.coordinator.group.RecordHelpersTest" time="0.134"/>
  <testcase name="[2] metadataVersion=0.8.1" classname="org.apache.kafka.coordinator.group.RecordHelpersTest" time="0.007"/>
  <testcase name="[3] metadataVersion=0.8.2" classname="org.apache.kafka.coordinator.group.RecordHelpersTest" time="0.002"/>
  <testcase name="[4] metadataVersion=0.9.0" classname="org.apache.kafka.coordinator.group.RecordHelpersTest" time="0.001"/>
  <testcase name="[5] metadataVersion=0.10.0-IV0" classname="org.apache.kafka.coordinator.group.RecordHelpersTest" time="0.006"/>
  <testcase name="[6] metadataVersion=0.10.0-IV1" classname="org.apache.kafka.coordinator.group.RecordHelpersTest" time="0.004"/>
  <testcase name="[7] metadataVersion=0.10.1-IV0" classname="org.apache.kafka.coordinator.group.RecordHelpersTest" time="0.003"/>
  <testcase name="[8] metadataVersion=0.10.1-IV1" classname="org.apache.kafka.coordinator.group.RecordHelpersTest" time="0.007"/>
  <testcase name="[9] metadataVersion=0.10.1-IV2" classname="org.apache.kafka.coordinator.group.RecordHelpersTest" time="0.001"/>
  <testcase name="[10] metadataVersion=0.10.2-IV0" classname="org.apache.kafka.coordinator.group.RecordHelpersTest" time="0.005"/>
  <testcase name="[11] metadataVersion=0.11.0-IV0" classname="org.apache.kafka.coordinator.group.RecordHelpersTest" time="0.0"/>
  <testcase name="[12] metadataVersion=0.11.0-IV1" classname="org.apache.kafka.coordinator.group.RecordHelpersTest" time="0.0"/>
  <testcase name="[13] metadataVersion=0.11.0-IV2" classname="org.apache.kafka.coordinator.group.RecordHelpersTest" time="0.0"/>
  <testcase name="[14] metadataVersion=1.0-IV0" classname="org.apache.kafka.coordinator.group.RecordHelpersTest" time="0.006"/>
  <testcase name="[15] metadataVersion=1.1-IV0" classname="org.apache.kafka.coordinator.group.RecordHelpersTest" time="0.0"/>
  <testcase name="[16] metadataVersion=2.0-IV0" classname="org.apache.kafka.coordinator.group.RecordHelpersTest" time="0.001"/>
  <testcase name="[17] metadataVersion=2.0-IV1" classname="org.apache.kafka.coordinator.group.RecordHelpersTest" time="0.003"/>
  <testcase name="[18] metadataVersion=2.1-IV0" classname="org.apache.kafka.coordinator.group.RecordHelpersTest" time="0.001"/>
  <testcase name="[19] metadataVersion=2.1-IV1" classname="org.apache.kafka.coordinator.group.RecordHelpersTest" time="0.016"/>
  <testcase name="[20] metadataVersion=2.1-IV2" classname="org.apache.kafka.coordinator.group.RecordHelpersTest" time="0.002"/>
  <testcase name="[21] metadataVersion=2.2-IV0" classname="org.apache.kafka.coordinator.group.RecordHelpersTest" time="0.001"/>
  <testcase name="[22] metadataVersion=2.2-IV1" classname="org.apache.kafka.coordinator.group.RecordHelpersTest" time="0.001"/>
  <testcase name="[23] metadataVersion=2.3-IV0" classname="org.apache.kafka.coordinator.group.RecordHelpersTest" time="0.018"/>
  <testcase name="[24] metadataVersion=2.3-IV1" classname="org.apache.kafka.coordinator.group.RecordHelpersTest" time="0.002"/>
  <testcase name="[25] metadataVersion=2.4-IV0" classname="org.apache.kafka.coordinator.group.RecordHelpersTest" time="0.001"/>
  <testcase name="[26] metadataVersion=2.4-IV1" classname="org.apache.kafka.coordinator.group.RecordHelpersTest" time="0.0"/>
  <testcase name="[27] metadataVersion=2.5-IV0" classname="org.apache.kafka.coordinator.group.RecordHelpersTest" time="0.003"/>
  <testcase name="[28] metadataVersion=2.6-IV0" classname="org.apache.kafka.coordinator.group.RecordHelpersTest" time="0.001"/>
  <testcase name="[29] metadataVersion=2.7-IV0" classname="org.apache.kafka.coordinator.group.RecordHelpersTest" time="0.001"/>
  <testcase name="[30] metadataVersion=2.7-IV1" classname="org.apache.kafka.coordinator.group.RecordHelpersTest" time="0.002"/>
  <testcase name="[31] metadataVersion=2.7-IV2" classname="org.apache.kafka.coordinator.group.RecordHelpersTest" time="0.001"/>
  <testcase name="[32] metadataVersion=2.8-IV0" classname="org.apache.kafka.coordinator.group.RecordHelpersTest" time="0.004"/>
  <testcase name="[33] metadataVersion=2.8-IV1" classname="org.apache.kafka.coordinator.group.RecordHelpersTest" time="0.013"/>
  <testcase name="[34] metadataVersion=3.0-IV0" classname="org.apache.kafka.coordinator.group.RecordHelpersTest" time="0.005"/>
  <testcase name="[35] metadataVersion=3.0-IV1" classname="org.apache.kafka.coordinator.group.RecordHelpersTest" time="0.001"/>
  <testcase name="[36] metadataVersion=3.1-IV0" classname="org.apache.kafka.coordinator.group.RecordHelpersTest" time="0.0"/>
  <testcase name="[37] metadataVersion=3.2-IV0" classname="org.apache.kafka.coordinator.group.RecordHelpersTest" time="0.001"/>
  <testcase name="[38] metadataVersion=3.3-IV0" classname="org.apache.kafka.coordinator.group.RecordHelpersTest" time="0.0"/>
  <testcase name="[39] metadataVersion=3.3-IV1" classname="org.apache.kafka.coordinator.group.RecordHelpersTest" time="0.0"/>
  <testcase name="[40] metadataVersion=3.3-IV2" classname="org.apache.kafka.coordinator.group.RecordHelpersTest" time="0.005"/>
  <testcase name="[41] metadataVersion=3.3-IV3" classname="org.apache.kafka.coordinator.group.RecordHelpersTest" time="0.001"/>
  <testcase name="[42] metadataVersion=3.4-IV0" classname="org.apache.kafka.coordinator.group.RecordHelpersTest" time="0.006"/>
  <testcase name="[43] metadataVersion=3.5-IV0" classname="org.apache.kafka.coordinator.group.RecordHelpersTest" time="0.001"/>
  <testcase name="[44] metadataVersion=3.5-IV1" classname="org.apache.kafka.coordinator.group.RecordHelpersTest" time="0.0"/>
  <testcase name="[45] metadataVersion=3.5-IV2" classname="org.apache.kafka.coordinator.group.RecordHelpersTest" time="0.001"/>
  <testcase name="[46] metadataVersion=3.6-IV0" classname="org.apache.kafka.coordinator.group.RecordHelpersTest" time="0.001"/>
  <testcase name="[47] metadataVersion=3.6-IV1" classname="org.apache.kafka.coordinator.group.RecordHelpersTest" time="0.002"/>
  <testcase name="[48] metadataVersion=3.6-IV2" classname="org.apache.kafka.coordinator.group.RecordHelpersTest" time="0.002"/>
  <testcase name="[49] metadataVersion=3.7-IV0" classname="org.apache.kafka.coordinator.group.RecordHelpersTest" time="0.002"/>
  <testcase name="[50] metadataVersion=3.7-IV1" classname="org.apache.kafka.coordinator.group.RecordHelpersTest" time="0.001"/>
  <testcase name="[51] metadataVersion=3.7-IV2" classname="org.apache.kafka.coordinator.group.RecordHelpersTest" time="0.002"/>
  <testcase name="[52] metadataVersion=3.7-IV3" classname="org.apache.kafka.coordinator.group.RecordHelpersTest" time="0.002"/>
  <testcase name="[53] metadataVersion=3.7-IV4" classname="org.apache.kafka.coordinator.group.RecordHelpersTest" time="0.003"/>
  <testcase name="[54] metadataVersion=3.8-IV0" classname="org.apache.kafka.coordinator.group.RecordHelpersTest" time="0.0"/>
  <testcase name="testNewGroupMetadataRecordThrowsWhenNullSubscription()" classname="org.apache.kafka.coordinator.group.RecordHelpersTest" time="4.103"/>
  <testcase name="testEmptyPartitionMetadataWhenRacksUnavailableGroupSubscriptionMetadataRecord()" classname="org.apache.kafka.coordinator.group.RecordHelpersTest" time="0.217"/>
  <testcase name="[1] metadataVersion=0.10.0-IV0, expectedGroupMetadataValueVersion=0" classname="org.apache.kafka.coordinator.group.RecordHelpersTest" time="0.258"/>
  <testcase name="[2] metadataVersion=1.1-IV0, expectedGroupMetadataValueVersion=1" classname="org.apache.kafka.coordinator.group.RecordHelpersTest" time="0.041"/>
  <testcase name="[3] metadataVersion=2.2-IV0, expectedGroupMetadataValueVersion=2" classname="org.apache.kafka.coordinator.group.RecordHelpersTest" time="0.024"/>
  <testcase name="[4] metadataVersion=3.5-IV0, expectedGroupMetadataValueVersion=3" classname="org.apache.kafka.coordinator.group.RecordHelpersTest" time="0.105"/>
  <testcase name="testNewGroupSubscriptionMetadataRecord()" classname="org.apache.kafka.coordinator.group.RecordHelpersTest" time="0.032"/>
  <testcase name="[1] metadataVersion=0.8.0" classname="org.apache.kafka.coordinator.group.RecordHelpersTest" time="0.003"/>
  <testcase name="[2] metadataVersion=0.8.1" classname="org.apache.kafka.coordinator.group.RecordHelpersTest" time="0.0"/>
  <testcase name="[3] metadataVersion=0.8.2" classname="org.apache.kafka.coordinator.group.RecordHelpersTest" time="0.008"/>
  <testcase name="[4] metadataVersion=0.9.0" classname="org.apache.kafka.coordinator.group.RecordHelpersTest" time="0.001"/>
  <testcase name="[5] metadataVersion=0.10.0-IV0" classname="org.apache.kafka.coordinator.group.RecordHelpersTest" time="0.0"/>
  <testcase name="[6] metadataVersion=0.10.0-IV1" classname="org.apache.kafka.coordinator.group.RecordHelpersTest" time="0.0"/>
  <testcase name="[7] metadataVersion=0.10.1-IV0" classname="org.apache.kafka.coordinator.group.RecordHelpersTest" time="0.001"/>
  <testcase name="[8] metadataVersion=0.10.1-IV1" classname="org.apache.kafka.coordinator.group.RecordHelpersTest" time="0.014"/>
  <testcase name="[9] metadataVersion=0.10.1-IV2" classname="org.apache.kafka.coordinator.group.RecordHelpersTest" time="0.001"/>
  <testcase name="[10] metadataVersion=0.10.2-IV0" classname="org.apache.kafka.coordinator.group.RecordHelpersTest" time="0.012"/>
  <testcase name="[11] metadataVersion=0.11.0-IV0" classname="org.apache.kafka.coordinator.group.RecordHelpersTest" time="0.002"/>
  <testcase name="[12] metadataVersion=0.11.0-IV1" classname="org.apache.kafka.coordinator.group.RecordHelpersTest" time="0.005"/>
  <testcase name="[13] metadataVersion=0.11.0-IV2" classname="org.apache.kafka.coordinator.group.RecordHelpersTest" time="0.001"/>
  <testcase name="[14] metadataVersion=1.0-IV0" classname="org.apache.kafka.coordinator.group.RecordHelpersTest" time="0.001"/>
  <testcase name="[15] metadataVersion=1.1-IV0" classname="org.apache.kafka.coordinator.group.RecordHelpersTest" time="0.0"/>
  <testcase name="[16] metadataVersion=2.0-IV0" classname="org.apache.kafka.coordinator.group.RecordHelpersTest" time="0.002"/>
  <testcase name="[17] metadataVersion=2.0-IV1" classname="org.apache.kafka.coordinator.group.RecordHelpersTest" time="0.003"/>
  <testcase name="[18] metadataVersion=2.1-IV0" classname="org.apache.kafka.coordinator.group.RecordHelpersTest" time="0.031"/>
  <testcase name="[19] metadataVersion=2.1-IV1" classname="org.apache.kafka.coordinator.group.RecordHelpersTest" time="0.001"/>
  <testcase name="[20] metadataVersion=2.1-IV2" classname="org.apache.kafka.coordinator.group.RecordHelpersTest" time="0.0"/>
  <testcase name="[21] metadataVersion=2.2-IV0" classname="org.apache.kafka.coordinator.group.RecordHelpersTest" time="0.0"/>
  <testcase name="[22] metadataVersion=2.2-IV1" classname="org.apache.kafka.coordinator.group.RecordHelpersTest" time="0.0"/>
  <testcase name="[23] metadataVersion=2.3-IV0" classname="org.apache.kafka.coordinator.group.RecordHelpersTest" time="0.005"/>
  <testcase name="[24] metadataVersion=2.3-IV1" classname="org.apache.kafka.coordinator.group.RecordHelpersTest" time="0.014"/>
  <testcase name="[25] metadataVersion=2.4-IV0" classname="org.apache.kafka.coordinator.group.RecordHelpersTest" time="0.009"/>
  <testcase name="[26] metadataVersion=2.4-IV1" classname="org.apache.kafka.coordinator.group.RecordHelpersTest" time="0.004"/>
  <testcase name="[27] metadataVersion=2.5-IV0" classname="org.apache.kafka.coordinator.group.RecordHelpersTest" time="0.037"/>
  <testcase name="[28] metadataVersion=2.6-IV0" classname="org.apache.kafka.coordinator.group.RecordHelpersTest" time="0.001"/>
  <testcase name="[29] metadataVersion=2.7-IV0" classname="org.apache.kafka.coordinator.group.RecordHelpersTest" time="0.0"/>
  <testcase name="[30] metadataVersion=2.7-IV1" classname="org.apache.kafka.coordinator.group.RecordHelpersTest" time="0.0"/>
  <testcase name="[31] metadataVersion=2.7-IV2" classname="org.apache.kafka.coordinator.group.RecordHelpersTest" time="0.011"/>
  <testcase name="[32] metadataVersion=2.8-IV0" classname="org.apache.kafka.coordinator.group.RecordHelpersTest" time="0.001"/>
  <testcase name="[33] metadataVersion=2.8-IV1" classname="org.apache.kafka.coordinator.group.RecordHelpersTest" time="0.0"/>
  <testcase name="[34] metadataVersion=3.0-IV0" classname="org.apache.kafka.coordinator.group.RecordHelpersTest" time="0.0"/>
  <testcase name="[35] metadataVersion=3.0-IV1" classname="org.apache.kafka.coordinator.group.RecordHelpersTest" time="0.002"/>
  <testcase name="[36] metadataVersion=3.1-IV0" classname="org.apache.kafka.coordinator.group.RecordHelpersTest" time="0.003"/>
  <testcase name="[37] metadataVersion=3.2-IV0" classname="org.apache.kafka.coordinator.group.RecordHelpersTest" time="0.001"/>
  <testcase name="[38] metadataVersion=3.3-IV0" classname="org.apache.kafka.coordinator.group.RecordHelpersTest" time="0.001"/>
  <testcase name="[39] metadataVersion=3.3-IV1" classname="org.apache.kafka.coordinator.group.RecordHelpersTest" time="0.001"/>
  <testcase name="[40] metadataVersion=3.3-IV2" classname="org.apache.kafka.coordinator.group.RecordHelpersTest" time="0.003"/>
  <testcase name="[41] metadataVersion=3.3-IV3" classname="org.apache.kafka.coordinator.group.RecordHelpersTest" time="0.0"/>
  <testcase name="[42] metadataVersion=3.4-IV0" classname="org.apache.kafka.coordinator.group.RecordHelpersTest" time="0.001"/>
  <testcase name="[43] metadataVersion=3.5-IV0" classname="org.apache.kafka.coordinator.group.RecordHelpersTest" time="0.0"/>
  <testcase name="[44] metadataVersion=3.5-IV1" classname="org.apache.kafka.coordinator.group.RecordHelpersTest" time="0.0"/>
  <testcase name="[45] metadataVersion=3.5-IV2" classname="org.apache.kafka.coordinator.group.RecordHelpersTest" time="0.0"/>
  <testcase name="[46] metadataVersion=3.6-IV0" classname="org.apache.kafka.coordinator.group.RecordHelpersTest" time="0.0"/>
  <testcase name="[47] metadataVersion=3.6-IV1" classname="org.apache.kafka.coordinator.group.RecordHelpersTest" time="0.0"/>
  <testcase name="[48] metadataVersion=3.6-IV2" classname="org.apache.kafka.coordinator.group.RecordHelpersTest" time="0.002"/>
  <testcase name="[49] metadataVersion=3.7-IV0" classname="org.apache.kafka.coordinator.group.RecordHelpersTest" time="0.001"/>
  <testcase name="[50] metadataVersion=3.7-IV1" classname="org.apache.kafka.coordinator.group.RecordHelpersTest" time="0.002"/>
  <testcase name="[51] metadataVersion=3.7-IV2" classname="org.apache.kafka.coordinator.group.RecordHelpersTest" time="0.001"/>
  <testcase name="[52] metadataVersion=3.7-IV3" classname="org.apache.kafka.coordinator.group.RecordHelpersTest" time="0.009"/>
  <testcase name="[53] metadataVersion=3.7-IV4" classname="org.apache.kafka.coordinator.group.RecordHelpersTest" time="0.001"/>
  <testcase name="[54] metadataVersion=3.8-IV0" classname="org.apache.kafka.coordinator.group.RecordHelpersTest" time="0.001"/>
  <testcase name="testNewGroupMetadataRecordThrowsWhenEmptyAssignment()" classname="org.apache.kafka.coordinator.group.RecordHelpersTest" time="0.201"/>
  <testcase name="testNewTargetAssignmentEpochTombstoneRecord()" classname="org.apache.kafka.coordinator.group.RecordHelpersTest" time="0.025"/>
  <testcase name="testNewTargetAssignmentTombstoneRecord()" classname="org.apache.kafka.coordinator.group.RecordHelpersTest" time="0.013"/>
  <testcase name="testNewTargetAssignmentEpochRecord()" classname="org.apache.kafka.coordinator.group.RecordHelpersTest" time="0.009"/>
  <testcase name="testNewMemberSubscriptionTombstoneRecord()" classname="org.apache.kafka.coordinator.group.RecordHelpersTest" time="0.022"/>
  <testcase name="testNewCurrentAssignmentTombstoneRecord()" classname="org.apache.kafka.coordinator.group.RecordHelpersTest" time="0.004"/>
  <testcase name="testNewTargetAssignmentRecord()" classname="org.apache.kafka.coordinator.group.RecordHelpersTest" time="0.009"/>
  <testcase name="testNewCurrentAssignmentRecord()" classname="org.apache.kafka.coordinator.group.RecordHelpersTest" time="0.036"/>
  <testcase name="testNewOffsetCommitTombstoneRecord()" classname="org.apache.kafka.coordinator.group.RecordHelpersTest" time="0.0"/>
  <testcase name="testNewGroupMetadataTombstoneRecord()" classname="org.apache.kafka.coordinator.group.RecordHelpersTest" time="0.001"/>
  <testcase name="[1] metadataVersion=0.10.0-IV0, expectedGroupMetadataValueVersion=0" classname="org.apache.kafka.coordinator.group.RecordHelpersTest" time="0.006"/>
  <testcase name="[2] metadataVersion=1.1-IV0, expectedGroupMetadataValueVersion=1" classname="org.apache.kafka.coordinator.group.RecordHelpersTest" time="0.004"/>
  <testcase name="[3] metadataVersion=2.2-IV0, expectedGroupMetadataValueVersion=2" classname="org.apache.kafka.coordinator.group.RecordHelpersTest" time="0.003"/>
  <testcase name="[4] metadataVersion=3.5-IV0, expectedGroupMetadataValueVersion=3" classname="org.apache.kafka.coordinator.group.RecordHelpersTest" time="0.002"/>
  <testcase name="testNewGroupEpochTombstoneRecord()" classname="org.apache.kafka.coordinator.group.RecordHelpersTest" time="0.002"/>
  <testcase name="testNewMemberSubscriptionRecord()" classname="org.apache.kafka.coordinator.group.RecordHelpersTest" time="0.167"/>
  <testcase name="testNewGroupSubscriptionMetadataTombstoneRecord()" classname="org.apache.kafka.coordinator.group.RecordHelpersTest" time="0.011"/>
  <testcase name="testNewGroupEpochRecord()" classname="org.apache.kafka.coordinator.group.RecordHelpersTest" time="0.045"/>
  <system-out><![CDATA[[2024-04-09 14:19:13,553] WARN Failed to parse Consumer Protocol consumer:range of group group-id. Consumer group coordinator is not aware of the subscribed topics. (org.apache.kafka.coordinator.group.classic.ClassicGroup:1175)
org.apache.kafka.common.protocol.types.SchemaException: Buffer underflow while parsing consumer protocol's subscription
	at org.apache.kafka.clients.consumer.internals.ConsumerProtocol.deserializeSubscription(ConsumerProtocol.java:120)
	at org.apache.kafka.coordinator.group.classic.ClassicGroup.lambda$computeSubscribedTopics$17(ClassicGroup.java:1170)
	at java.util.HashMap$Values.forEach(HashMap.java:981)
	at org.apache.kafka.coordinator.group.classic.ClassicGroup.computeSubscribedTopics(ClassicGroup.java:1163)
	at org.apache.kafka.coordinator.group.classic.ClassicGroup.initNextGeneration(ClassicGroup.java:1260)
	at org.apache.kafka.coordinator.group.RecordHelpersTest.testNewGroupMetadataRecord(RecordHelpersTest.java:559)
	at sun.reflect.NativeMethodAccessorImpl.invoke0(Native Method)
	at sun.reflect.NativeMethodAccessorImpl.invoke(NativeMethodAccessorImpl.java:62)
	at sun.reflect.DelegatingMethodAccessorImpl.invoke(DelegatingMethodAccessorImpl.java:43)
	at java.lang.reflect.Method.invoke(Method.java:498)
	at org.junit.platform.commons.util.ReflectionUtils.invokeMethod(ReflectionUtils.java:728)
	at org.junit.jupiter.engine.execution.MethodInvocation.proceed(MethodInvocation.java:60)
	at org.junit.jupiter.engine.execution.InvocationInterceptorChain$ValidatingInvocation.proceed(InvocationInterceptorChain.java:131)
	at org.junit.jupiter.engine.extension.TimeoutExtension.intercept(TimeoutExtension.java:156)
	at org.junit.jupiter.engine.extension.TimeoutExtension.interceptTestableMethod(TimeoutExtension.java:147)
	at org.junit.jupiter.engine.extension.TimeoutExtension.interceptTestTemplateMethod(TimeoutExtension.java:94)
	at org.junit.jupiter.engine.execution.InterceptingExecutableInvoker$ReflectiveInterceptorCall.lambda$ofVoidMethod$0(InterceptingExecutableInvoker.java:103)
	at org.junit.jupiter.engine.execution.InterceptingExecutableInvoker.lambda$invoke$0(InterceptingExecutableInvoker.java:93)
	at org.junit.jupiter.engine.execution.InvocationInterceptorChain$InterceptedInvocation.proceed(InvocationInterceptorChain.java:106)
	at org.junit.jupiter.engine.execution.InvocationInterceptorChain.proceed(InvocationInterceptorChain.java:64)
	at org.junit.jupiter.engine.execution.InvocationInterceptorChain.chainAndInvoke(InvocationInterceptorChain.java:45)
	at org.junit.jupiter.engine.execution.InvocationInterceptorChain.invoke(InvocationInterceptorChain.java:37)
	at org.junit.jupiter.engine.execution.InterceptingExecutableInvoker.invoke(InterceptingExecutableInvoker.java:92)
	at org.junit.jupiter.engine.execution.InterceptingExecutableInvoker.invoke(InterceptingExecutableInvoker.java:86)
	at org.junit.jupiter.engine.descriptor.TestMethodTestDescriptor.lambda$invokeTestMethod$7(TestMethodTestDescriptor.java:218)
	at org.junit.platform.engine.support.hierarchical.ThrowableCollector.execute(ThrowableCollector.java:73)
	at org.junit.jupiter.engine.descriptor.TestMethodTestDescriptor.invokeTestMethod(TestMethodTestDescriptor.java:214)
	at org.junit.jupiter.engine.descriptor.TestMethodTestDescriptor.execute(TestMethodTestDescriptor.java:139)
	at org.junit.jupiter.engine.descriptor.TestMethodTestDescriptor.execute(TestMethodTestDescriptor.java:69)
	at org.junit.platform.engine.support.hierarchical.NodeTestTask.lambda$executeRecursively$6(NodeTestTask.java:151)
	at org.junit.platform.engine.support.hierarchical.ThrowableCollector.execute(ThrowableCollector.java:73)
	at org.junit.platform.engine.support.hierarchical.NodeTestTask.lambda$executeRecursively$8(NodeTestTask.java:141)
	at org.junit.platform.engine.support.hierarchical.Node.around(Node.java:137)
	at org.junit.platform.engine.support.hierarchical.NodeTestTask.lambda$executeRecursively$9(NodeTestTask.java:139)
	at org.junit.platform.engine.support.hierarchical.ThrowableCollector.execute(ThrowableCollector.java:73)
	at org.junit.platform.engine.support.hierarchical.NodeTestTask.executeRecursively(NodeTestTask.java:138)
	at org.junit.platform.engine.support.hierarchical.NodeTestTask.execute(NodeTestTask.java:95)
	at org.junit.platform.engine.support.hierarchical.SameThreadHierarchicalTestExecutorService.submit(SameThreadHierarchicalTestExecutorService.java:35)
	at org.junit.platform.engine.support.hierarchical.NodeTestTask$DefaultDynamicTestExecutor.execute(NodeTestTask.java:226)
	at org.junit.platform.engine.support.hierarchical.NodeTestTask$DefaultDynamicTestExecutor.execute(NodeTestTask.java:204)
	at org.junit.jupiter.engine.descriptor.TestTemplateTestDescriptor.execute(TestTemplateTestDescriptor.java:142)
	at org.junit.jupiter.engine.descriptor.TestTemplateTestDescriptor.lambda$execute$2(TestTemplateTestDescriptor.java:110)
	at java.util.stream.ForEachOps$ForEachOp$OfRef.accept(ForEachOps.java:183)
	at java.util.stream.ReferencePipeline$3$1.accept(ReferencePipeline.java:193)
	at java.util.stream.ReferencePipeline$2$1.accept(ReferencePipeline.java:175)
	at java.util.stream.ReferencePipeline$3$1.accept(ReferencePipeline.java:193)
	at java.util.stream.ForEachOps$ForEachOp$OfRef.accept(ForEachOps.java:183)
	at java.util.stream.ReferencePipeline$3$1.accept(ReferencePipeline.java:193)
	at java.util.stream.ReferencePipeline$3$1.accept(ReferencePipeline.java:193)
	at java.util.stream.ReferencePipeline$3$1.accept(ReferencePipeline.java:193)
	at java.util.stream.ForEachOps$ForEachOp$OfRef.accept(ForEachOps.java:183)
	at java.util.stream.ReferencePipeline$3$1.accept(ReferencePipeline.java:193)
	at java.util.Spliterators$ArraySpliterator.forEachRemaining(Spliterators.java:948)
	at java.util.stream.ReferencePipeline$Head.forEach(ReferencePipeline.java:647)
	at java.util.stream.ReferencePipeline$7$1.accept(ReferencePipeline.java:272)
	at java.util.stream.ReferencePipeline$3$1.accept(ReferencePipeline.java:193)
	at java.util.stream.ReferencePipeline$3$1.accept(ReferencePipeline.java:193)
	at java.util.stream.ReferencePipeline$3$1.accept(ReferencePipeline.java:193)
	at java.util.Spliterators$ArraySpliterator.forEachRemaining(Spliterators.java:948)
	at java.util.stream.AbstractPipeline.copyInto(AbstractPipeline.java:482)
	at java.util.stream.AbstractPipeline.wrapAndCopyInto(AbstractPipeline.java:472)
	at java.util.stream.ForEachOps$ForEachOp.evaluateSequential(ForEachOps.java:150)
	at java.util.stream.ForEachOps$ForEachOp$OfRef.evaluateSequential(ForEachOps.java:173)
	at java.util.stream.AbstractPipeline.evaluate(AbstractPipeline.java:234)
	at java.util.stream.ReferencePipeline.forEach(ReferencePipeline.java:485)
	at java.util.stream.ReferencePipeline$7$1.accept(ReferencePipeline.java:272)
	at java.util.stream.ReferencePipeline$3$1.accept(ReferencePipeline.java:193)
	at java.util.stream.ReferencePipeline$3$1.accept(ReferencePipeline.java:193)
	at java.util.stream.ReferencePipeline$3$1.accept(ReferencePipeline.java:193)
	at java.util.ArrayList$ArrayListSpliterator.forEachRemaining(ArrayList.java:1384)
	at java.util.stream.AbstractPipeline.copyInto(AbstractPipeline.java:482)
	at java.util.stream.AbstractPipeline.wrapAndCopyInto(AbstractPipeline.java:472)
	at java.util.stream.ForEachOps$ForEachOp.evaluateSequential(ForEachOps.java:150)
	at java.util.stream.ForEachOps$ForEachOp$OfRef.evaluateSequential(ForEachOps.java:173)
	at java.util.stream.AbstractPipeline.evaluate(AbstractPipeline.java:234)
	at java.util.stream.ReferencePipeline.forEach(ReferencePipeline.java:485)
	at java.util.stream.ReferencePipeline$7$1.accept(ReferencePipeline.java:272)
	at java.util.ArrayList$ArrayListSpliterator.forEachRemaining(ArrayList.java:1384)
	at java.util.stream.AbstractPipeline.copyInto(AbstractPipeline.java:482)
	at java.util.stream.AbstractPipeline.wrapAndCopyInto(AbstractPipeline.java:472)
	at java.util.stream.ForEachOps$ForEachOp.evaluateSequential(ForEachOps.java:150)
	at java.util.stream.ForEachOps$ForEachOp$OfRef.evaluateSequential(ForEachOps.java:173)
	at java.util.stream.AbstractPipeline.evaluate(AbstractPipeline.java:234)
	at java.util.stream.ReferencePipeline.forEach(ReferencePipeline.java:485)
	at org.junit.jupiter.engine.descriptor.TestTemplateTestDescriptor.execute(TestTemplateTestDescriptor.java:110)
	at org.junit.jupiter.engine.descriptor.TestTemplateTestDescriptor.execute(TestTemplateTestDescriptor.java:44)
	at org.junit.platform.engine.support.hierarchical.NodeTestTask.lambda$executeRecursively$6(NodeTestTask.java:151)
	at org.junit.platform.engine.support.hierarchical.ThrowableCollector.execute(ThrowableCollector.java:73)
	at org.junit.platform.engine.support.hierarchical.NodeTestTask.lambda$executeRecursively$8(NodeTestTask.java:141)
	at org.junit.platform.engine.support.hierarchical.Node.around(Node.java:137)
	at org.junit.platform.engine.support.hierarchical.NodeTestTask.lambda$executeRecursively$9(NodeTestTask.java:139)
	at org.junit.platform.engine.support.hierarchical.ThrowableCollector.execute(ThrowableCollector.java:73)
	at org.junit.platform.engine.support.hierarchical.NodeTestTask.executeRecursively(NodeTestTask.java:138)
	at org.junit.platform.engine.support.hierarchical.NodeTestTask.execute(NodeTestTask.java:95)
	at java.util.ArrayList.forEach(ArrayList.java:1259)
	at org.junit.platform.engine.support.hierarchical.SameThreadHierarchicalTestExecutorService.invokeAll(SameThreadHierarchicalTestExecutorService.java:41)
	at org.junit.platform.engine.support.hierarchical.NodeTestTask.lambda$executeRecursively$6(NodeTestTask.java:155)
	at org.junit.platform.engine.support.hierarchical.ThrowableCollector.execute(ThrowableCollector.java:73)
	at org.junit.platform.engine.support.hierarchical.NodeTestTask.lambda$executeRecursively$8(NodeTestTask.java:141)
	at org.junit.platform.engine.support.hierarchical.Node.around(Node.java:137)
	at org.junit.platform.engine.support.hierarchical.NodeTestTask.lambda$executeRecursively$9(NodeTestTask.java:139)
	at org.junit.platform.engine.support.hierarchical.ThrowableCollector.execute(ThrowableCollector.java:73)
	at org.junit.platform.engine.support.hierarchical.NodeTestTask.executeRecursively(NodeTestTask.java:138)
	at org.junit.platform.engine.support.hierarchical.NodeTestTask.execute(NodeTestTask.java:95)
	at java.util.ArrayList.forEach(ArrayList.java:1259)
	at org.junit.platform.engine.support.hierarchical.SameThreadHierarchicalTestExecutorService.invokeAll(SameThreadHierarchicalTestExecutorService.java:41)
	at org.junit.platform.engine.support.hierarchical.NodeTestTask.lambda$executeRecursively$6(NodeTestTask.java:155)
	at org.junit.platform.engine.support.hierarchical.ThrowableCollector.execute(ThrowableCollector.java:73)
	at org.junit.platform.engine.support.hierarchical.NodeTestTask.lambda$executeRecursively$8(NodeTestTask.java:141)
	at org.junit.platform.engine.support.hierarchical.Node.around(Node.java:137)
	at org.junit.platform.engine.support.hierarchical.NodeTestTask.lambda$executeRecursively$9(NodeTestTask.java:139)
	at org.junit.platform.engine.support.hierarchical.ThrowableCollector.execute(ThrowableCollector.java:73)
	at org.junit.platform.engine.support.hierarchical.NodeTestTask.executeRecursively(NodeTestTask.java:138)
	at org.junit.platform.engine.support.hierarchical.NodeTestTask.execute(NodeTestTask.java:95)
	at org.junit.platform.engine.support.hierarchical.SameThreadHierarchicalTestExecutorService.submit(SameThreadHierarchicalTestExecutorService.java:35)
	at org.junit.platform.engine.support.hierarchical.HierarchicalTestExecutor.execute(HierarchicalTestExecutor.java:57)
	at org.junit.platform.engine.support.hierarchical.HierarchicalTestEngine.execute(HierarchicalTestEngine.java:54)
	at org.junit.platform.launcher.core.EngineExecutionOrchestrator.execute(EngineExecutionOrchestrator.java:107)
	at org.junit.platform.launcher.core.EngineExecutionOrchestrator.execute(EngineExecutionOrchestrator.java:88)
	at org.junit.platform.launcher.core.EngineExecutionOrchestrator.lambda$execute$0(EngineExecutionOrchestrator.java:54)
	at org.junit.platform.launcher.core.EngineExecutionOrchestrator.withInterceptedStreams(EngineExecutionOrchestrator.java:67)
	at org.junit.platform.launcher.core.EngineExecutionOrchestrator.execute(EngineExecutionOrchestrator.java:52)
	at org.junit.platform.launcher.core.DefaultLauncher.execute(DefaultLauncher.java:114)
	at org.junit.platform.launcher.core.DefaultLauncher.execute(DefaultLauncher.java:86)
	at org.junit.platform.launcher.core.DefaultLauncherSession$DelegatingLauncher.execute(DefaultLauncherSession.java:86)
	at org.gradle.api.internal.tasks.testing.junitplatform.JUnitPlatformTestClassProcessor$CollectAllTestClassesExecutor.processAllTestClasses(JUnitPlatformTestClassProcessor.java:119)
	at org.gradle.api.internal.tasks.testing.junitplatform.JUnitPlatformTestClassProcessor$CollectAllTestClassesExecutor.access$000(JUnitPlatformTestClassProcessor.java:94)
	at org.gradle.api.internal.tasks.testing.junitplatform.JUnitPlatformTestClassProcessor.stop(JUnitPlatformTestClassProcessor.java:89)
	at org.gradle.api.internal.tasks.testing.SuiteTestClassProcessor.stop(SuiteTestClassProcessor.java:62)
	at sun.reflect.NativeMethodAccessorImpl.invoke0(Native Method)
	at sun.reflect.NativeMethodAccessorImpl.invoke(NativeMethodAccessorImpl.java:62)
	at sun.reflect.DelegatingMethodAccessorImpl.invoke(DelegatingMethodAccessorImpl.java:43)
	at java.lang.reflect.Method.invoke(Method.java:498)
	at org.gradle.internal.dispatch.ReflectionDispatch.dispatch(ReflectionDispatch.java:36)
	at org.gradle.internal.dispatch.ReflectionDispatch.dispatch(ReflectionDispatch.java:24)
	at org.gradle.internal.dispatch.ContextClassLoaderDispatch.dispatch(ContextClassLoaderDispatch.java:33)
	at org.gradle.internal.dispatch.ProxyDispatchAdapter$DispatchingInvocationHandler.invoke(ProxyDispatchAdapter.java:94)
	at com.sun.proxy.$Proxy2.stop(Unknown Source)
	at org.gradle.api.internal.tasks.testing.worker.TestWorker$3.run(TestWorker.java:193)
	at org.gradle.api.internal.tasks.testing.worker.TestWorker.executeAndMaintainThreadName(TestWorker.java:129)
	at org.gradle.api.internal.tasks.testing.worker.TestWorker.execute(TestWorker.java:100)
	at org.gradle.api.internal.tasks.testing.worker.TestWorker.execute(TestWorker.java:60)
	at org.gradle.process.internal.worker.child.ActionExecutionWorker.execute(ActionExecutionWorker.java:56)
	at org.gradle.process.internal.worker.child.SystemApplicationClassLoaderWorker.call(SystemApplicationClassLoaderWorker.java:113)
	at org.gradle.process.internal.worker.child.SystemApplicationClassLoaderWorker.call(SystemApplicationClassLoaderWorker.java:65)
	at worker.org.gradle.process.internal.worker.GradleWorkerMain.run(GradleWorkerMain.java:69)
	at worker.org.gradle.process.internal.worker.GradleWorkerMain.main(GradleWorkerMain.java:74)
Caused by: java.nio.BufferUnderflowException
	at java.nio.Buffer.nextGetIndex(Buffer.java:510)
	at java.nio.HeapByteBuffer.getInt(HeapByteBuffer.java:375)
	at org.apache.kafka.common.protocol.ByteBufferAccessor.readInt(ByteBufferAccessor.java:43)
	at org.apache.kafka.common.message.ConsumerProtocolSubscription.read(ConsumerProtocolSubscription.java:126)
	at org.apache.kafka.common.message.ConsumerProtocolSubscription.<init>(ConsumerProtocolSubscription.java:96)
	at org.apache.kafka.clients.consumer.internals.ConsumerProtocol.deserializeSubscription(ConsumerProtocol.java:103)
	... 146 more
[2024-04-09 14:19:13,858] WARN Failed to parse Consumer Protocol consumer:range of group group-id. Consumer group coordinator is not aware of the subscribed topics. (org.apache.kafka.coordinator.group.classic.ClassicGroup:1175)
org.apache.kafka.common.protocol.types.SchemaException: Buffer underflow while parsing consumer protocol's subscription
	at org.apache.kafka.clients.consumer.internals.ConsumerProtocol.deserializeSubscription(ConsumerProtocol.java:120)
	at org.apache.kafka.coordinator.group.classic.ClassicGroup.lambda$computeSubscribedTopics$17(ClassicGroup.java:1170)
	at java.util.HashMap$Values.forEach(HashMap.java:981)
	at org.apache.kafka.coordinator.group.classic.ClassicGroup.computeSubscribedTopics(ClassicGroup.java:1163)
	at org.apache.kafka.coordinator.group.classic.ClassicGroup.initNextGeneration(ClassicGroup.java:1260)
	at org.apache.kafka.coordinator.group.RecordHelpersTest.testNewGroupMetadataRecord(RecordHelpersTest.java:559)
	at sun.reflect.NativeMethodAccessorImpl.invoke0(Native Method)
	at sun.reflect.NativeMethodAccessorImpl.invoke(NativeMethodAccessorImpl.java:62)
	at sun.reflect.DelegatingMethodAccessorImpl.invoke(DelegatingMethodAccessorImpl.java:43)
	at java.lang.reflect.Method.invoke(Method.java:498)
	at org.junit.platform.commons.util.ReflectionUtils.invokeMethod(ReflectionUtils.java:728)
	at org.junit.jupiter.engine.execution.MethodInvocation.proceed(MethodInvocation.java:60)
	at org.junit.jupiter.engine.execution.InvocationInterceptorChain$ValidatingInvocation.proceed(InvocationInterceptorChain.java:131)
	at org.junit.jupiter.engine.extension.TimeoutExtension.intercept(TimeoutExtension.java:156)
	at org.junit.jupiter.engine.extension.TimeoutExtension.interceptTestableMethod(TimeoutExtension.java:147)
	at org.junit.jupiter.engine.extension.TimeoutExtension.interceptTestTemplateMethod(TimeoutExtension.java:94)
	at org.junit.jupiter.engine.execution.InterceptingExecutableInvoker$ReflectiveInterceptorCall.lambda$ofVoidMethod$0(InterceptingExecutableInvoker.java:103)
	at org.junit.jupiter.engine.execution.InterceptingExecutableInvoker.lambda$invoke$0(InterceptingExecutableInvoker.java:93)
	at org.junit.jupiter.engine.execution.InvocationInterceptorChain$InterceptedInvocation.proceed(InvocationInterceptorChain.java:106)
	at org.junit.jupiter.engine.execution.InvocationInterceptorChain.proceed(InvocationInterceptorChain.java:64)
	at org.junit.jupiter.engine.execution.InvocationInterceptorChain.chainAndInvoke(InvocationInterceptorChain.java:45)
	at org.junit.jupiter.engine.execution.InvocationInterceptorChain.invoke(InvocationInterceptorChain.java:37)
	at org.junit.jupiter.engine.execution.InterceptingExecutableInvoker.invoke(InterceptingExecutableInvoker.java:92)
	at org.junit.jupiter.engine.execution.InterceptingExecutableInvoker.invoke(InterceptingExecutableInvoker.java:86)
	at org.junit.jupiter.engine.descriptor.TestMethodTestDescriptor.lambda$invokeTestMethod$7(TestMethodTestDescriptor.java:218)
	at org.junit.platform.engine.support.hierarchical.ThrowableCollector.execute(ThrowableCollector.java:73)
	at org.junit.jupiter.engine.descriptor.TestMethodTestDescriptor.invokeTestMethod(TestMethodTestDescriptor.java:214)
	at org.junit.jupiter.engine.descriptor.TestMethodTestDescriptor.execute(TestMethodTestDescriptor.java:139)
	at org.junit.jupiter.engine.descriptor.TestMethodTestDescriptor.execute(TestMethodTestDescriptor.java:69)
	at org.junit.platform.engine.support.hierarchical.NodeTestTask.lambda$executeRecursively$6(NodeTestTask.java:151)
	at org.junit.platform.engine.support.hierarchical.ThrowableCollector.execute(ThrowableCollector.java:73)
	at org.junit.platform.engine.support.hierarchical.NodeTestTask.lambda$executeRecursively$8(NodeTestTask.java:141)
	at org.junit.platform.engine.support.hierarchical.Node.around(Node.java:137)
	at org.junit.platform.engine.support.hierarchical.NodeTestTask.lambda$executeRecursively$9(NodeTestTask.java:139)
	at org.junit.platform.engine.support.hierarchical.ThrowableCollector.execute(ThrowableCollector.java:73)
	at org.junit.platform.engine.support.hierarchical.NodeTestTask.executeRecursively(NodeTestTask.java:138)
	at org.junit.platform.engine.support.hierarchical.NodeTestTask.execute(NodeTestTask.java:95)
	at org.junit.platform.engine.support.hierarchical.SameThreadHierarchicalTestExecutorService.submit(SameThreadHierarchicalTestExecutorService.java:35)
	at org.junit.platform.engine.support.hierarchical.NodeTestTask$DefaultDynamicTestExecutor.execute(NodeTestTask.java:226)
	at org.junit.platform.engine.support.hierarchical.NodeTestTask$DefaultDynamicTestExecutor.execute(NodeTestTask.java:204)
	at org.junit.jupiter.engine.descriptor.TestTemplateTestDescriptor.execute(TestTemplateTestDescriptor.java:142)
	at org.junit.jupiter.engine.descriptor.TestTemplateTestDescriptor.lambda$execute$2(TestTemplateTestDescriptor.java:110)
	at java.util.stream.ForEachOps$ForEachOp$OfRef.accept(ForEachOps.java:183)
	at java.util.stream.ReferencePipeline$3$1.accept(ReferencePipeline.java:193)
	at java.util.stream.ReferencePipeline$2$1.accept(ReferencePipeline.java:175)
	at java.util.stream.ReferencePipeline$3$1.accept(ReferencePipeline.java:193)
	at java.util.stream.ForEachOps$ForEachOp$OfRef.accept(ForEachOps.java:183)
	at java.util.stream.ReferencePipeline$3$1.accept(ReferencePipeline.java:193)
	at java.util.stream.ReferencePipeline$3$1.accept(ReferencePipeline.java:193)
	at java.util.stream.ReferencePipeline$3$1.accept(ReferencePipeline.java:193)
	at java.util.stream.ForEachOps$ForEachOp$OfRef.accept(ForEachOps.java:183)
	at java.util.stream.ReferencePipeline$3$1.accept(ReferencePipeline.java:193)
	at java.util.Spliterators$ArraySpliterator.forEachRemaining(Spliterators.java:948)
	at java.util.stream.ReferencePipeline$Head.forEach(ReferencePipeline.java:647)
	at java.util.stream.ReferencePipeline$7$1.accept(ReferencePipeline.java:272)
	at java.util.stream.ReferencePipeline$3$1.accept(ReferencePipeline.java:193)
	at java.util.stream.ReferencePipeline$3$1.accept(ReferencePipeline.java:193)
	at java.util.stream.ReferencePipeline$3$1.accept(ReferencePipeline.java:193)
	at java.util.Spliterators$ArraySpliterator.forEachRemaining(Spliterators.java:948)
	at java.util.stream.AbstractPipeline.copyInto(AbstractPipeline.java:482)
	at java.util.stream.AbstractPipeline.wrapAndCopyInto(AbstractPipeline.java:472)
	at java.util.stream.ForEachOps$ForEachOp.evaluateSequential(ForEachOps.java:150)
	at java.util.stream.ForEachOps$ForEachOp$OfRef.evaluateSequential(ForEachOps.java:173)
	at java.util.stream.AbstractPipeline.evaluate(AbstractPipeline.java:234)
	at java.util.stream.ReferencePipeline.forEach(ReferencePipeline.java:485)
	at java.util.stream.ReferencePipeline$7$1.accept(ReferencePipeline.java:272)
	at java.util.stream.ReferencePipeline$3$1.accept(ReferencePipeline.java:193)
	at java.util.stream.ReferencePipeline$3$1.accept(ReferencePipeline.java:193)
	at java.util.stream.ReferencePipeline$3$1.accept(ReferencePipeline.java:193)
	at java.util.ArrayList$ArrayListSpliterator.forEachRemaining(ArrayList.java:1384)
	at java.util.stream.AbstractPipeline.copyInto(AbstractPipeline.java:482)
	at java.util.stream.AbstractPipeline.wrapAndCopyInto(AbstractPipeline.java:472)
	at java.util.stream.ForEachOps$ForEachOp.evaluateSequential(ForEachOps.java:150)
	at java.util.stream.ForEachOps$ForEachOp$OfRef.evaluateSequential(ForEachOps.java:173)
	at java.util.stream.AbstractPipeline.evaluate(AbstractPipeline.java:234)
	at java.util.stream.ReferencePipeline.forEach(ReferencePipeline.java:485)
	at java.util.stream.ReferencePipeline$7$1.accept(ReferencePipeline.java:272)
	at java.util.ArrayList$ArrayListSpliterator.forEachRemaining(ArrayList.java:1384)
	at java.util.stream.AbstractPipeline.copyInto(AbstractPipeline.java:482)
	at java.util.stream.AbstractPipeline.wrapAndCopyInto(AbstractPipeline.java:472)
	at java.util.stream.ForEachOps$ForEachOp.evaluateSequential(ForEachOps.java:150)
	at java.util.stream.ForEachOps$ForEachOp$OfRef.evaluateSequential(ForEachOps.java:173)
	at java.util.stream.AbstractPipeline.evaluate(AbstractPipeline.java:234)
	at java.util.stream.ReferencePipeline.forEach(ReferencePipeline.java:485)
	at org.junit.jupiter.engine.descriptor.TestTemplateTestDescriptor.execute(TestTemplateTestDescriptor.java:110)
	at org.junit.jupiter.engine.descriptor.TestTemplateTestDescriptor.execute(TestTemplateTestDescriptor.java:44)
	at org.junit.platform.engine.support.hierarchical.NodeTestTask.lambda$executeRecursively$6(NodeTestTask.java:151)
	at org.junit.platform.engine.support.hierarchical.ThrowableCollector.execute(ThrowableCollector.java:73)
	at org.junit.platform.engine.support.hierarchical.NodeTestTask.lambda$executeRecursively$8(NodeTestTask.java:141)
	at org.junit.platform.engine.support.hierarchical.Node.around(Node.java:137)
	at org.junit.platform.engine.support.hierarchical.NodeTestTask.lambda$executeRecursively$9(NodeTestTask.java:139)
	at org.junit.platform.engine.support.hierarchical.ThrowableCollector.execute(ThrowableCollector.java:73)
	at org.junit.platform.engine.support.hierarchical.NodeTestTask.executeRecursively(NodeTestTask.java:138)
	at org.junit.platform.engine.support.hierarchical.NodeTestTask.execute(NodeTestTask.java:95)
	at java.util.ArrayList.forEach(ArrayList.java:1259)
	at org.junit.platform.engine.support.hierarchical.SameThreadHierarchicalTestExecutorService.invokeAll(SameThreadHierarchicalTestExecutorService.java:41)
	at org.junit.platform.engine.support.hierarchical.NodeTestTask.lambda$executeRecursively$6(NodeTestTask.java:155)
	at org.junit.platform.engine.support.hierarchical.ThrowableCollector.execute(ThrowableCollector.java:73)
	at org.junit.platform.engine.support.hierarchical.NodeTestTask.lambda$executeRecursively$8(NodeTestTask.java:141)
	at org.junit.platform.engine.support.hierarchical.Node.around(Node.java:137)
	at org.junit.platform.engine.support.hierarchical.NodeTestTask.lambda$executeRecursively$9(NodeTestTask.java:139)
	at org.junit.platform.engine.support.hierarchical.ThrowableCollector.execute(ThrowableCollector.java:73)
	at org.junit.platform.engine.support.hierarchical.NodeTestTask.executeRecursively(NodeTestTask.java:138)
	at org.junit.platform.engine.support.hierarchical.NodeTestTask.execute(NodeTestTask.java:95)
	at java.util.ArrayList.forEach(ArrayList.java:1259)
	at org.junit.platform.engine.support.hierarchical.SameThreadHierarchicalTestExecutorService.invokeAll(SameThreadHierarchicalTestExecutorService.java:41)
	at org.junit.platform.engine.support.hierarchical.NodeTestTask.lambda$executeRecursively$6(NodeTestTask.java:155)
	at org.junit.platform.engine.support.hierarchical.ThrowableCollector.execute(ThrowableCollector.java:73)
	at org.junit.platform.engine.support.hierarchical.NodeTestTask.lambda$executeRecursively$8(NodeTestTask.java:141)
	at org.junit.platform.engine.support.hierarchical.Node.around(Node.java:137)
	at org.junit.platform.engine.support.hierarchical.NodeTestTask.lambda$executeRecursively$9(NodeTestTask.java:139)
	at org.junit.platform.engine.support.hierarchical.ThrowableCollector.execute(ThrowableCollector.java:73)
	at org.junit.platform.engine.support.hierarchical.NodeTestTask.executeRecursively(NodeTestTask.java:138)
	at org.junit.platform.engine.support.hierarchical.NodeTestTask.execute(NodeTestTask.java:95)
	at org.junit.platform.engine.support.hierarchical.SameThreadHierarchicalTestExecutorService.submit(SameThreadHierarchicalTestExecutorService.java:35)
	at org.junit.platform.engine.support.hierarchical.HierarchicalTestExecutor.execute(HierarchicalTestExecutor.java:57)
	at org.junit.platform.engine.support.hierarchical.HierarchicalTestEngine.execute(HierarchicalTestEngine.java:54)
	at org.junit.platform.launcher.core.EngineExecutionOrchestrator.execute(EngineExecutionOrchestrator.java:107)
	at org.junit.platform.launcher.core.EngineExecutionOrchestrator.execute(EngineExecutionOrchestrator.java:88)
	at org.junit.platform.launcher.core.EngineExecutionOrchestrator.lambda$execute$0(EngineExecutionOrchestrator.java:54)
	at org.junit.platform.launcher.core.EngineExecutionOrchestrator.withInterceptedStreams(EngineExecutionOrchestrator.java:67)
	at org.junit.platform.launcher.core.EngineExecutionOrchestrator.execute(EngineExecutionOrchestrator.java:52)
	at org.junit.platform.launcher.core.DefaultLauncher.execute(DefaultLauncher.java:114)
	at org.junit.platform.launcher.core.DefaultLauncher.execute(DefaultLauncher.java:86)
	at org.junit.platform.launcher.core.DefaultLauncherSession$DelegatingLauncher.execute(DefaultLauncherSession.java:86)
	at org.gradle.api.internal.tasks.testing.junitplatform.JUnitPlatformTestClassProcessor$CollectAllTestClassesExecutor.processAllTestClasses(JUnitPlatformTestClassProcessor.java:119)
	at org.gradle.api.internal.tasks.testing.junitplatform.JUnitPlatformTestClassProcessor$CollectAllTestClassesExecutor.access$000(JUnitPlatformTestClassProcessor.java:94)
	at org.gradle.api.internal.tasks.testing.junitplatform.JUnitPlatformTestClassProcessor.stop(JUnitPlatformTestClassProcessor.java:89)
	at org.gradle.api.internal.tasks.testing.SuiteTestClassProcessor.stop(SuiteTestClassProcessor.java:62)
	at sun.reflect.NativeMethodAccessorImpl.invoke0(Native Method)
	at sun.reflect.NativeMethodAccessorImpl.invoke(NativeMethodAccessorImpl.java:62)
	at sun.reflect.DelegatingMethodAccessorImpl.invoke(DelegatingMethodAccessorImpl.java:43)
	at java.lang.reflect.Method.invoke(Method.java:498)
	at org.gradle.internal.dispatch.ReflectionDispatch.dispatch(ReflectionDispatch.java:36)
	at org.gradle.internal.dispatch.ReflectionDispatch.dispatch(ReflectionDispatch.java:24)
	at org.gradle.internal.dispatch.ContextClassLoaderDispatch.dispatch(ContextClassLoaderDispatch.java:33)
	at org.gradle.internal.dispatch.ProxyDispatchAdapter$DispatchingInvocationHandler.invoke(ProxyDispatchAdapter.java:94)
	at com.sun.proxy.$Proxy2.stop(Unknown Source)
	at org.gradle.api.internal.tasks.testing.worker.TestWorker$3.run(TestWorker.java:193)
	at org.gradle.api.internal.tasks.testing.worker.TestWorker.executeAndMaintainThreadName(TestWorker.java:129)
	at org.gradle.api.internal.tasks.testing.worker.TestWorker.execute(TestWorker.java:100)
	at org.gradle.api.internal.tasks.testing.worker.TestWorker.execute(TestWorker.java:60)
	at org.gradle.process.internal.worker.child.ActionExecutionWorker.execute(ActionExecutionWorker.java:56)
	at org.gradle.process.internal.worker.child.SystemApplicationClassLoaderWorker.call(SystemApplicationClassLoaderWorker.java:113)
	at org.gradle.process.internal.worker.child.SystemApplicationClassLoaderWorker.call(SystemApplicationClassLoaderWorker.java:65)
	at worker.org.gradle.process.internal.worker.GradleWorkerMain.run(GradleWorkerMain.java:69)
	at worker.org.gradle.process.internal.worker.GradleWorkerMain.main(GradleWorkerMain.java:74)
Caused by: java.nio.BufferUnderflowException
	at java.nio.Buffer.nextGetIndex(Buffer.java:510)
	at java.nio.HeapByteBuffer.getInt(HeapByteBuffer.java:375)
	at org.apache.kafka.common.protocol.ByteBufferAccessor.readInt(ByteBufferAccessor.java:43)
	at org.apache.kafka.common.message.ConsumerProtocolSubscription.read(ConsumerProtocolSubscription.java:126)
	at org.apache.kafka.common.message.ConsumerProtocolSubscription.<init>(ConsumerProtocolSubscription.java:96)
	at org.apache.kafka.clients.consumer.internals.ConsumerProtocol.deserializeSubscription(ConsumerProtocol.java:103)
	... 146 more
[2024-04-09 14:19:13,902] WARN Failed to parse Consumer Protocol consumer:range of group group-id. Consumer group coordinator is not aware of the subscribed topics. (org.apache.kafka.coordinator.group.classic.ClassicGroup:1175)
org.apache.kafka.common.protocol.types.SchemaException: Buffer underflow while parsing consumer protocol's subscription
	at org.apache.kafka.clients.consumer.internals.ConsumerProtocol.deserializeSubscription(ConsumerProtocol.java:120)
	at org.apache.kafka.coordinator.group.classic.ClassicGroup.lambda$computeSubscribedTopics$17(ClassicGroup.java:1170)
	at java.util.HashMap$Values.forEach(HashMap.java:981)
	at org.apache.kafka.coordinator.group.classic.ClassicGroup.computeSubscribedTopics(ClassicGroup.java:1163)
	at org.apache.kafka.coordinator.group.classic.ClassicGroup.initNextGeneration(ClassicGroup.java:1260)
	at org.apache.kafka.coordinator.group.RecordHelpersTest.testNewGroupMetadataRecord(RecordHelpersTest.java:559)
	at sun.reflect.NativeMethodAccessorImpl.invoke0(Native Method)
	at sun.reflect.NativeMethodAccessorImpl.invoke(NativeMethodAccessorImpl.java:62)
	at sun.reflect.DelegatingMethodAccessorImpl.invoke(DelegatingMethodAccessorImpl.java:43)
	at java.lang.reflect.Method.invoke(Method.java:498)
	at org.junit.platform.commons.util.ReflectionUtils.invokeMethod(ReflectionUtils.java:728)
	at org.junit.jupiter.engine.execution.MethodInvocation.proceed(MethodInvocation.java:60)
	at org.junit.jupiter.engine.execution.InvocationInterceptorChain$ValidatingInvocation.proceed(InvocationInterceptorChain.java:131)
	at org.junit.jupiter.engine.extension.TimeoutExtension.intercept(TimeoutExtension.java:156)
	at org.junit.jupiter.engine.extension.TimeoutExtension.interceptTestableMethod(TimeoutExtension.java:147)
	at org.junit.jupiter.engine.extension.TimeoutExtension.interceptTestTemplateMethod(TimeoutExtension.java:94)
	at org.junit.jupiter.engine.execution.InterceptingExecutableInvoker$ReflectiveInterceptorCall.lambda$ofVoidMethod$0(InterceptingExecutableInvoker.java:103)
	at org.junit.jupiter.engine.execution.InterceptingExecutableInvoker.lambda$invoke$0(InterceptingExecutableInvoker.java:93)
	at org.junit.jupiter.engine.execution.InvocationInterceptorChain$InterceptedInvocation.proceed(InvocationInterceptorChain.java:106)
	at org.junit.jupiter.engine.execution.InvocationInterceptorChain.proceed(InvocationInterceptorChain.java:64)
	at org.junit.jupiter.engine.execution.InvocationInterceptorChain.chainAndInvoke(InvocationInterceptorChain.java:45)
	at org.junit.jupiter.engine.execution.InvocationInterceptorChain.invoke(InvocationInterceptorChain.java:37)
	at org.junit.jupiter.engine.execution.InterceptingExecutableInvoker.invoke(InterceptingExecutableInvoker.java:92)
	at org.junit.jupiter.engine.execution.InterceptingExecutableInvoker.invoke(InterceptingExecutableInvoker.java:86)
	at org.junit.jupiter.engine.descriptor.TestMethodTestDescriptor.lambda$invokeTestMethod$7(TestMethodTestDescriptor.java:218)
	at org.junit.platform.engine.support.hierarchical.ThrowableCollector.execute(ThrowableCollector.java:73)
	at org.junit.jupiter.engine.descriptor.TestMethodTestDescriptor.invokeTestMethod(TestMethodTestDescriptor.java:214)
	at org.junit.jupiter.engine.descriptor.TestMethodTestDescriptor.execute(TestMethodTestDescriptor.java:139)
	at org.junit.jupiter.engine.descriptor.TestMethodTestDescriptor.execute(TestMethodTestDescriptor.java:69)
	at org.junit.platform.engine.support.hierarchical.NodeTestTask.lambda$executeRecursively$6(NodeTestTask.java:151)
	at org.junit.platform.engine.support.hierarchical.ThrowableCollector.execute(ThrowableCollector.java:73)
	at org.junit.platform.engine.support.hierarchical.NodeTestTask.lambda$executeRecursively$8(NodeTestTask.java:141)
	at org.junit.platform.engine.support.hierarchical.Node.around(Node.java:137)
	at org.junit.platform.engine.support.hierarchical.NodeTestTask.lambda$executeRecursively$9(NodeTestTask.java:139)
	at org.junit.platform.engine.support.hierarchical.ThrowableCollector.execute(ThrowableCollector.java:73)
	at org.junit.platform.engine.support.hierarchical.NodeTestTask.executeRecursively(NodeTestTask.java:138)
	at org.junit.platform.engine.support.hierarchical.NodeTestTask.execute(NodeTestTask.java:95)
	at org.junit.platform.engine.support.hierarchical.SameThreadHierarchicalTestExecutorService.submit(SameThreadHierarchicalTestExecutorService.java:35)
	at org.junit.platform.engine.support.hierarchical.NodeTestTask$DefaultDynamicTestExecutor.execute(NodeTestTask.java:226)
	at org.junit.platform.engine.support.hierarchical.NodeTestTask$DefaultDynamicTestExecutor.execute(NodeTestTask.java:204)
	at org.junit.jupiter.engine.descriptor.TestTemplateTestDescriptor.execute(TestTemplateTestDescriptor.java:142)
	at org.junit.jupiter.engine.descriptor.TestTemplateTestDescriptor.lambda$execute$2(TestTemplateTestDescriptor.java:110)
	at java.util.stream.ForEachOps$ForEachOp$OfRef.accept(ForEachOps.java:183)
	at java.util.stream.ReferencePipeline$3$1.accept(ReferencePipeline.java:193)
	at java.util.stream.ReferencePipeline$2$1.accept(ReferencePipeline.java:175)
	at java.util.stream.ReferencePipeline$3$1.accept(ReferencePipeline.java:193)
	at java.util.stream.ForEachOps$ForEachOp$OfRef.accept(ForEachOps.java:183)
	at java.util.stream.ReferencePipeline$3$1.accept(ReferencePipeline.java:193)
	at java.util.stream.ReferencePipeline$3$1.accept(ReferencePipeline.java:193)
	at java.util.stream.ReferencePipeline$3$1.accept(ReferencePipeline.java:193)
	at java.util.stream.ForEachOps$ForEachOp$OfRef.accept(ForEachOps.java:183)
	at java.util.stream.ReferencePipeline$3$1.accept(ReferencePipeline.java:193)
	at java.util.Spliterators$ArraySpliterator.forEachRemaining(Spliterators.java:948)
	at java.util.stream.ReferencePipeline$Head.forEach(ReferencePipeline.java:647)
	at java.util.stream.ReferencePipeline$7$1.accept(ReferencePipeline.java:272)
	at java.util.stream.ReferencePipeline$3$1.accept(ReferencePipeline.java:193)
	at java.util.stream.ReferencePipeline$3$1.accept(ReferencePipeline.java:193)
	at java.util.stream.ReferencePipeline$3$1.accept(ReferencePipeline.java:193)
	at java.util.Spliterators$ArraySpliterator.forEachRemaining(Spliterators.java:948)
	at java.util.stream.AbstractPipeline.copyInto(AbstractPipeline.java:482)
	at java.util.stream.AbstractPipeline.wrapAndCopyInto(AbstractPipeline.java:472)
	at java.util.stream.ForEachOps$ForEachOp.evaluateSequential(ForEachOps.java:150)
	at java.util.stream.ForEachOps$ForEachOp$OfRef.evaluateSequential(ForEachOps.java:173)
	at java.util.stream.AbstractPipeline.evaluate(AbstractPipeline.java:234)
	at java.util.stream.ReferencePipeline.forEach(ReferencePipeline.java:485)
	at java.util.stream.ReferencePipeline$7$1.accept(ReferencePipeline.java:272)
	at java.util.stream.ReferencePipeline$3$1.accept(ReferencePipeline.java:193)
	at java.util.stream.ReferencePipeline$3$1.accept(ReferencePipeline.java:193)
	at java.util.stream.ReferencePipeline$3$1.accept(ReferencePipeline.java:193)
	at java.util.ArrayList$ArrayListSpliterator.forEachRemaining(ArrayList.java:1384)
	at java.util.stream.AbstractPipeline.copyInto(AbstractPipeline.java:482)
	at java.util.stream.AbstractPipeline.wrapAndCopyInto(AbstractPipeline.java:472)
	at java.util.stream.ForEachOps$ForEachOp.evaluateSequential(ForEachOps.java:150)
	at java.util.stream.ForEachOps$ForEachOp$OfRef.evaluateSequential(ForEachOps.java:173)
	at java.util.stream.AbstractPipeline.evaluate(AbstractPipeline.java:234)
	at java.util.stream.ReferencePipeline.forEach(ReferencePipeline.java:485)
	at java.util.stream.ReferencePipeline$7$1.accept(ReferencePipeline.java:272)
	at java.util.ArrayList$ArrayListSpliterator.forEachRemaining(ArrayList.java:1384)
	at java.util.stream.AbstractPipeline.copyInto(AbstractPipeline.java:482)
	at java.util.stream.AbstractPipeline.wrapAndCopyInto(AbstractPipeline.java:472)
	at java.util.stream.ForEachOps$ForEachOp.evaluateSequential(ForEachOps.java:150)
	at java.util.stream.ForEachOps$ForEachOp$OfRef.evaluateSequential(ForEachOps.java:173)
	at java.util.stream.AbstractPipeline.evaluate(AbstractPipeline.java:234)
	at java.util.stream.ReferencePipeline.forEach(ReferencePipeline.java:485)
	at org.junit.jupiter.engine.descriptor.TestTemplateTestDescriptor.execute(TestTemplateTestDescriptor.java:110)
	at org.junit.jupiter.engine.descriptor.TestTemplateTestDescriptor.execute(TestTemplateTestDescriptor.java:44)
	at org.junit.platform.engine.support.hierarchical.NodeTestTask.lambda$executeRecursively$6(NodeTestTask.java:151)
	at org.junit.platform.engine.support.hierarchical.ThrowableCollector.execute(ThrowableCollector.java:73)
	at org.junit.platform.engine.support.hierarchical.NodeTestTask.lambda$executeRecursively$8(NodeTestTask.java:141)
	at org.junit.platform.engine.support.hierarchical.Node.around(Node.java:137)
	at org.junit.platform.engine.support.hierarchical.NodeTestTask.lambda$executeRecursively$9(NodeTestTask.java:139)
	at org.junit.platform.engine.support.hierarchical.ThrowableCollector.execute(ThrowableCollector.java:73)
	at org.junit.platform.engine.support.hierarchical.NodeTestTask.executeRecursively(NodeTestTask.java:138)
	at org.junit.platform.engine.support.hierarchical.NodeTestTask.execute(NodeTestTask.java:95)
	at java.util.ArrayList.forEach(ArrayList.java:1259)
	at org.junit.platform.engine.support.hierarchical.SameThreadHierarchicalTestExecutorService.invokeAll(SameThreadHierarchicalTestExecutorService.java:41)
	at org.junit.platform.engine.support.hierarchical.NodeTestTask.lambda$executeRecursively$6(NodeTestTask.java:155)
	at org.junit.platform.engine.support.hierarchical.ThrowableCollector.execute(ThrowableCollector.java:73)
	at org.junit.platform.engine.support.hierarchical.NodeTestTask.lambda$executeRecursively$8(NodeTestTask.java:141)
	at org.junit.platform.engine.support.hierarchical.Node.around(Node.java:137)
	at org.junit.platform.engine.support.hierarchical.NodeTestTask.lambda$executeRecursively$9(NodeTestTask.java:139)
	at org.junit.platform.engine.support.hierarchical.ThrowableCollector.execute(ThrowableCollector.java:73)
	at org.junit.platform.engine.support.hierarchical.NodeTestTask.executeRecursively(NodeTestTask.java:138)
	at org.junit.platform.engine.support.hierarchical.NodeTestTask.execute(NodeTestTask.java:95)
	at java.util.ArrayList.forEach(ArrayList.java:1259)
	at org.junit.platform.engine.support.hierarchical.SameThreadHierarchicalTestExecutorService.invokeAll(SameThreadHierarchicalTestExecutorService.java:41)
	at org.junit.platform.engine.support.hierarchical.NodeTestTask.lambda$executeRecursively$6(NodeTestTask.java:155)
	at org.junit.platform.engine.support.hierarchical.ThrowableCollector.execute(ThrowableCollector.java:73)
	at org.junit.platform.engine.support.hierarchical.NodeTestTask.lambda$executeRecursively$8(NodeTestTask.java:141)
	at org.junit.platform.engine.support.hierarchical.Node.around(Node.java:137)
	at org.junit.platform.engine.support.hierarchical.NodeTestTask.lambda$executeRecursively$9(NodeTestTask.java:139)
	at org.junit.platform.engine.support.hierarchical.ThrowableCollector.execute(ThrowableCollector.java:73)
	at org.junit.platform.engine.support.hierarchical.NodeTestTask.executeRecursively(NodeTestTask.java:138)
	at org.junit.platform.engine.support.hierarchical.NodeTestTask.execute(NodeTestTask.java:95)
	at org.junit.platform.engine.support.hierarchical.SameThreadHierarchicalTestExecutorService.submit(SameThreadHierarchicalTestExecutorService.java:35)
	at org.junit.platform.engine.support.hierarchical.HierarchicalTestExecutor.execute(HierarchicalTestExecutor.java:57)
	at org.junit.platform.engine.support.hierarchical.HierarchicalTestEngine.execute(HierarchicalTestEngine.java:54)
	at org.junit.platform.launcher.core.EngineExecutionOrchestrator.execute(EngineExecutionOrchestrator.java:107)
	at org.junit.platform.launcher.core.EngineExecutionOrchestrator.execute(EngineExecutionOrchestrator.java:88)
	at org.junit.platform.launcher.core.EngineExecutionOrchestrator.lambda$execute$0(EngineExecutionOrchestrator.java:54)
	at org.junit.platform.launcher.core.EngineExecutionOrchestrator.withInterceptedStreams(EngineExecutionOrchestrator.java:67)
	at org.junit.platform.launcher.core.EngineExecutionOrchestrator.execute(EngineExecutionOrchestrator.java:52)
	at org.junit.platform.launcher.core.DefaultLauncher.execute(DefaultLauncher.java:114)
	at org.junit.platform.launcher.core.DefaultLauncher.execute(DefaultLauncher.java:86)
	at org.junit.platform.launcher.core.DefaultLauncherSession$DelegatingLauncher.execute(DefaultLauncherSession.java:86)
	at org.gradle.api.internal.tasks.testing.junitplatform.JUnitPlatformTestClassProcessor$CollectAllTestClassesExecutor.processAllTestClasses(JUnitPlatformTestClassProcessor.java:119)
	at org.gradle.api.internal.tasks.testing.junitplatform.JUnitPlatformTestClassProcessor$CollectAllTestClassesExecutor.access$000(JUnitPlatformTestClassProcessor.java:94)
	at org.gradle.api.internal.tasks.testing.junitplatform.JUnitPlatformTestClassProcessor.stop(JUnitPlatformTestClassProcessor.java:89)
	at org.gradle.api.internal.tasks.testing.SuiteTestClassProcessor.stop(SuiteTestClassProcessor.java:62)
	at sun.reflect.NativeMethodAccessorImpl.invoke0(Native Method)
	at sun.reflect.NativeMethodAccessorImpl.invoke(NativeMethodAccessorImpl.java:62)
	at sun.reflect.DelegatingMethodAccessorImpl.invoke(DelegatingMethodAccessorImpl.java:43)
	at java.lang.reflect.Method.invoke(Method.java:498)
	at org.gradle.internal.dispatch.ReflectionDispatch.dispatch(ReflectionDispatch.java:36)
	at org.gradle.internal.dispatch.ReflectionDispatch.dispatch(ReflectionDispatch.java:24)
	at org.gradle.internal.dispatch.ContextClassLoaderDispatch.dispatch(ContextClassLoaderDispatch.java:33)
	at org.gradle.internal.dispatch.ProxyDispatchAdapter$DispatchingInvocationHandler.invoke(ProxyDispatchAdapter.java:94)
	at com.sun.proxy.$Proxy2.stop(Unknown Source)
	at org.gradle.api.internal.tasks.testing.worker.TestWorker$3.run(TestWorker.java:193)
	at org.gradle.api.internal.tasks.testing.worker.TestWorker.executeAndMaintainThreadName(TestWorker.java:129)
	at org.gradle.api.internal.tasks.testing.worker.TestWorker.execute(TestWorker.java:100)
	at org.gradle.api.internal.tasks.testing.worker.TestWorker.execute(TestWorker.java:60)
	at org.gradle.process.internal.worker.child.ActionExecutionWorker.execute(ActionExecutionWorker.java:56)
	at org.gradle.process.internal.worker.child.SystemApplicationClassLoaderWorker.call(SystemApplicationClassLoaderWorker.java:113)
	at org.gradle.process.internal.worker.child.SystemApplicationClassLoaderWorker.call(SystemApplicationClassLoaderWorker.java:65)
	at worker.org.gradle.process.internal.worker.GradleWorkerMain.run(GradleWorkerMain.java:69)
	at worker.org.gradle.process.internal.worker.GradleWorkerMain.main(GradleWorkerMain.java:74)
Caused by: java.nio.BufferUnderflowException
	at java.nio.Buffer.nextGetIndex(Buffer.java:510)
	at java.nio.HeapByteBuffer.getInt(HeapByteBuffer.java:375)
	at org.apache.kafka.common.protocol.ByteBufferAccessor.readInt(ByteBufferAccessor.java:43)
	at org.apache.kafka.common.message.ConsumerProtocolSubscription.read(ConsumerProtocolSubscription.java:126)
	at org.apache.kafka.common.message.ConsumerProtocolSubscription.<init>(ConsumerProtocolSubscription.java:96)
	at org.apache.kafka.clients.consumer.internals.ConsumerProtocol.deserializeSubscription(ConsumerProtocol.java:103)
	... 146 more
[2024-04-09 14:19:13,928] WARN Failed to parse Consumer Protocol consumer:range of group group-id. Consumer group coordinator is not aware of the subscribed topics. (org.apache.kafka.coordinator.group.classic.ClassicGroup:1175)
org.apache.kafka.common.protocol.types.SchemaException: Buffer underflow while parsing consumer protocol's subscription
	at org.apache.kafka.clients.consumer.internals.ConsumerProtocol.deserializeSubscription(ConsumerProtocol.java:120)
	at org.apache.kafka.coordinator.group.classic.ClassicGroup.lambda$computeSubscribedTopics$17(ClassicGroup.java:1170)
	at java.util.HashMap$Values.forEach(HashMap.java:981)
	at org.apache.kafka.coordinator.group.classic.ClassicGroup.computeSubscribedTopics(ClassicGroup.java:1163)
	at org.apache.kafka.coordinator.group.classic.ClassicGroup.initNextGeneration(ClassicGroup.java:1260)
	at org.apache.kafka.coordinator.group.RecordHelpersTest.testNewGroupMetadataRecord(RecordHelpersTest.java:559)
	at sun.reflect.NativeMethodAccessorImpl.invoke0(Native Method)
	at sun.reflect.NativeMethodAccessorImpl.invoke(NativeMethodAccessorImpl.java:62)
	at sun.reflect.DelegatingMethodAccessorImpl.invoke(DelegatingMethodAccessorImpl.java:43)
	at java.lang.reflect.Method.invoke(Method.java:498)
	at org.junit.platform.commons.util.ReflectionUtils.invokeMethod(ReflectionUtils.java:728)
	at org.junit.jupiter.engine.execution.MethodInvocation.proceed(MethodInvocation.java:60)
	at org.junit.jupiter.engine.execution.InvocationInterceptorChain$ValidatingInvocation.proceed(InvocationInterceptorChain.java:131)
	at org.junit.jupiter.engine.extension.TimeoutExtension.intercept(TimeoutExtension.java:156)
	at org.junit.jupiter.engine.extension.TimeoutExtension.interceptTestableMethod(TimeoutExtension.java:147)
	at org.junit.jupiter.engine.extension.TimeoutExtension.interceptTestTemplateMethod(TimeoutExtension.java:94)
	at org.junit.jupiter.engine.execution.InterceptingExecutableInvoker$ReflectiveInterceptorCall.lambda$ofVoidMethod$0(InterceptingExecutableInvoker.java:103)
	at org.junit.jupiter.engine.execution.InterceptingExecutableInvoker.lambda$invoke$0(InterceptingExecutableInvoker.java:93)
	at org.junit.jupiter.engine.execution.InvocationInterceptorChain$InterceptedInvocation.proceed(InvocationInterceptorChain.java:106)
	at org.junit.jupiter.engine.execution.InvocationInterceptorChain.proceed(InvocationInterceptorChain.java:64)
	at org.junit.jupiter.engine.execution.InvocationInterceptorChain.chainAndInvoke(InvocationInterceptorChain.java:45)
	at org.junit.jupiter.engine.execution.InvocationInterceptorChain.invoke(InvocationInterceptorChain.java:37)
	at org.junit.jupiter.engine.execution.InterceptingExecutableInvoker.invoke(InterceptingExecutableInvoker.java:92)
	at org.junit.jupiter.engine.execution.InterceptingExecutableInvoker.invoke(InterceptingExecutableInvoker.java:86)
	at org.junit.jupiter.engine.descriptor.TestMethodTestDescriptor.lambda$invokeTestMethod$7(TestMethodTestDescriptor.java:218)
	at org.junit.platform.engine.support.hierarchical.ThrowableCollector.execute(ThrowableCollector.java:73)
	at org.junit.jupiter.engine.descriptor.TestMethodTestDescriptor.invokeTestMethod(TestMethodTestDescriptor.java:214)
	at org.junit.jupiter.engine.descriptor.TestMethodTestDescriptor.execute(TestMethodTestDescriptor.java:139)
	at org.junit.jupiter.engine.descriptor.TestMethodTestDescriptor.execute(TestMethodTestDescriptor.java:69)
	at org.junit.platform.engine.support.hierarchical.NodeTestTask.lambda$executeRecursively$6(NodeTestTask.java:151)
	at org.junit.platform.engine.support.hierarchical.ThrowableCollector.execute(ThrowableCollector.java:73)
	at org.junit.platform.engine.support.hierarchical.NodeTestTask.lambda$executeRecursively$8(NodeTestTask.java:141)
	at org.junit.platform.engine.support.hierarchical.Node.around(Node.java:137)
	at org.junit.platform.engine.support.hierarchical.NodeTestTask.lambda$executeRecursively$9(NodeTestTask.java:139)
	at org.junit.platform.engine.support.hierarchical.ThrowableCollector.execute(ThrowableCollector.java:73)
	at org.junit.platform.engine.support.hierarchical.NodeTestTask.executeRecursively(NodeTestTask.java:138)
	at org.junit.platform.engine.support.hierarchical.NodeTestTask.execute(NodeTestTask.java:95)
	at org.junit.platform.engine.support.hierarchical.SameThreadHierarchicalTestExecutorService.submit(SameThreadHierarchicalTestExecutorService.java:35)
	at org.junit.platform.engine.support.hierarchical.NodeTestTask$DefaultDynamicTestExecutor.execute(NodeTestTask.java:226)
	at org.junit.platform.engine.support.hierarchical.NodeTestTask$DefaultDynamicTestExecutor.execute(NodeTestTask.java:204)
	at org.junit.jupiter.engine.descriptor.TestTemplateTestDescriptor.execute(TestTemplateTestDescriptor.java:142)
	at org.junit.jupiter.engine.descriptor.TestTemplateTestDescriptor.lambda$execute$2(TestTemplateTestDescriptor.java:110)
	at java.util.stream.ForEachOps$ForEachOp$OfRef.accept(ForEachOps.java:183)
	at java.util.stream.ReferencePipeline$3$1.accept(ReferencePipeline.java:193)
	at java.util.stream.ReferencePipeline$2$1.accept(ReferencePipeline.java:175)
	at java.util.stream.ReferencePipeline$3$1.accept(ReferencePipeline.java:193)
	at java.util.stream.ForEachOps$ForEachOp$OfRef.accept(ForEachOps.java:183)
	at java.util.stream.ReferencePipeline$3$1.accept(ReferencePipeline.java:193)
	at java.util.stream.ReferencePipeline$3$1.accept(ReferencePipeline.java:193)
	at java.util.stream.ReferencePipeline$3$1.accept(ReferencePipeline.java:193)
	at java.util.stream.ForEachOps$ForEachOp$OfRef.accept(ForEachOps.java:183)
	at java.util.stream.ReferencePipeline$3$1.accept(ReferencePipeline.java:193)
	at java.util.Spliterators$ArraySpliterator.forEachRemaining(Spliterators.java:948)
	at java.util.stream.ReferencePipeline$Head.forEach(ReferencePipeline.java:647)
	at java.util.stream.ReferencePipeline$7$1.accept(ReferencePipeline.java:272)
	at java.util.stream.ReferencePipeline$3$1.accept(ReferencePipeline.java:193)
	at java.util.stream.ReferencePipeline$3$1.accept(ReferencePipeline.java:193)
	at java.util.stream.ReferencePipeline$3$1.accept(ReferencePipeline.java:193)
	at java.util.Spliterators$ArraySpliterator.forEachRemaining(Spliterators.java:948)
	at java.util.stream.AbstractPipeline.copyInto(AbstractPipeline.java:482)
	at java.util.stream.AbstractPipeline.wrapAndCopyInto(AbstractPipeline.java:472)
	at java.util.stream.ForEachOps$ForEachOp.evaluateSequential(ForEachOps.java:150)
	at java.util.stream.ForEachOps$ForEachOp$OfRef.evaluateSequential(ForEachOps.java:173)
	at java.util.stream.AbstractPipeline.evaluate(AbstractPipeline.java:234)
	at java.util.stream.ReferencePipeline.forEach(ReferencePipeline.java:485)
	at java.util.stream.ReferencePipeline$7$1.accept(ReferencePipeline.java:272)
	at java.util.stream.ReferencePipeline$3$1.accept(ReferencePipeline.java:193)
	at java.util.stream.ReferencePipeline$3$1.accept(ReferencePipeline.java:193)
	at java.util.stream.ReferencePipeline$3$1.accept(ReferencePipeline.java:193)
	at java.util.ArrayList$ArrayListSpliterator.forEachRemaining(ArrayList.java:1384)
	at java.util.stream.AbstractPipeline.copyInto(AbstractPipeline.java:482)
	at java.util.stream.AbstractPipeline.wrapAndCopyInto(AbstractPipeline.java:472)
	at java.util.stream.ForEachOps$ForEachOp.evaluateSequential(ForEachOps.java:150)
	at java.util.stream.ForEachOps$ForEachOp$OfRef.evaluateSequential(ForEachOps.java:173)
	at java.util.stream.AbstractPipeline.evaluate(AbstractPipeline.java:234)
	at java.util.stream.ReferencePipeline.forEach(ReferencePipeline.java:485)
	at java.util.stream.ReferencePipeline$7$1.accept(ReferencePipeline.java:272)
	at java.util.ArrayList$ArrayListSpliterator.forEachRemaining(ArrayList.java:1384)
	at java.util.stream.AbstractPipeline.copyInto(AbstractPipeline.java:482)
	at java.util.stream.AbstractPipeline.wrapAndCopyInto(AbstractPipeline.java:472)
	at java.util.stream.ForEachOps$ForEachOp.evaluateSequential(ForEachOps.java:150)
	at java.util.stream.ForEachOps$ForEachOp$OfRef.evaluateSequential(ForEachOps.java:173)
	at java.util.stream.AbstractPipeline.evaluate(AbstractPipeline.java:234)
	at java.util.stream.ReferencePipeline.forEach(ReferencePipeline.java:485)
	at org.junit.jupiter.engine.descriptor.TestTemplateTestDescriptor.execute(TestTemplateTestDescriptor.java:110)
	at org.junit.jupiter.engine.descriptor.TestTemplateTestDescriptor.execute(TestTemplateTestDescriptor.java:44)
	at org.junit.platform.engine.support.hierarchical.NodeTestTask.lambda$executeRecursively$6(NodeTestTask.java:151)
	at org.junit.platform.engine.support.hierarchical.ThrowableCollector.execute(ThrowableCollector.java:73)
	at org.junit.platform.engine.support.hierarchical.NodeTestTask.lambda$executeRecursively$8(NodeTestTask.java:141)
	at org.junit.platform.engine.support.hierarchical.Node.around(Node.java:137)
	at org.junit.platform.engine.support.hierarchical.NodeTestTask.lambda$executeRecursively$9(NodeTestTask.java:139)
	at org.junit.platform.engine.support.hierarchical.ThrowableCollector.execute(ThrowableCollector.java:73)
	at org.junit.platform.engine.support.hierarchical.NodeTestTask.executeRecursively(NodeTestTask.java:138)
	at org.junit.platform.engine.support.hierarchical.NodeTestTask.execute(NodeTestTask.java:95)
	at java.util.ArrayList.forEach(ArrayList.java:1259)
	at org.junit.platform.engine.support.hierarchical.SameThreadHierarchicalTestExecutorService.invokeAll(SameThreadHierarchicalTestExecutorService.java:41)
	at org.junit.platform.engine.support.hierarchical.NodeTestTask.lambda$executeRecursively$6(NodeTestTask.java:155)
	at org.junit.platform.engine.support.hierarchical.ThrowableCollector.execute(ThrowableCollector.java:73)
	at org.junit.platform.engine.support.hierarchical.NodeTestTask.lambda$executeRecursively$8(NodeTestTask.java:141)
	at org.junit.platform.engine.support.hierarchical.Node.around(Node.java:137)
	at org.junit.platform.engine.support.hierarchical.NodeTestTask.lambda$executeRecursively$9(NodeTestTask.java:139)
	at org.junit.platform.engine.support.hierarchical.ThrowableCollector.execute(ThrowableCollector.java:73)
	at org.junit.platform.engine.support.hierarchical.NodeTestTask.executeRecursively(NodeTestTask.java:138)
	at org.junit.platform.engine.support.hierarchical.NodeTestTask.execute(NodeTestTask.java:95)
	at java.util.ArrayList.forEach(ArrayList.java:1259)
	at org.junit.platform.engine.support.hierarchical.SameThreadHierarchicalTestExecutorService.invokeAll(SameThreadHierarchicalTestExecutorService.java:41)
	at org.junit.platform.engine.support.hierarchical.NodeTestTask.lambda$executeRecursively$6(NodeTestTask.java:155)
	at org.junit.platform.engine.support.hierarchical.ThrowableCollector.execute(ThrowableCollector.java:73)
	at org.junit.platform.engine.support.hierarchical.NodeTestTask.lambda$executeRecursively$8(NodeTestTask.java:141)
	at org.junit.platform.engine.support.hierarchical.Node.around(Node.java:137)
	at org.junit.platform.engine.support.hierarchical.NodeTestTask.lambda$executeRecursively$9(NodeTestTask.java:139)
	at org.junit.platform.engine.support.hierarchical.ThrowableCollector.execute(ThrowableCollector.java:73)
	at org.junit.platform.engine.support.hierarchical.NodeTestTask.executeRecursively(NodeTestTask.java:138)
	at org.junit.platform.engine.support.hierarchical.NodeTestTask.execute(NodeTestTask.java:95)
	at org.junit.platform.engine.support.hierarchical.SameThreadHierarchicalTestExecutorService.submit(SameThreadHierarchicalTestExecutorService.java:35)
	at org.junit.platform.engine.support.hierarchical.HierarchicalTestExecutor.execute(HierarchicalTestExecutor.java:57)
	at org.junit.platform.engine.support.hierarchical.HierarchicalTestEngine.execute(HierarchicalTestEngine.java:54)
	at org.junit.platform.launcher.core.EngineExecutionOrchestrator.execute(EngineExecutionOrchestrator.java:107)
	at org.junit.platform.launcher.core.EngineExecutionOrchestrator.execute(EngineExecutionOrchestrator.java:88)
	at org.junit.platform.launcher.core.EngineExecutionOrchestrator.lambda$execute$0(EngineExecutionOrchestrator.java:54)
	at org.junit.platform.launcher.core.EngineExecutionOrchestrator.withInterceptedStreams(EngineExecutionOrchestrator.java:67)
	at org.junit.platform.launcher.core.EngineExecutionOrchestrator.execute(EngineExecutionOrchestrator.java:52)
	at org.junit.platform.launcher.core.DefaultLauncher.execute(DefaultLauncher.java:114)
	at org.junit.platform.launcher.core.DefaultLauncher.execute(DefaultLauncher.java:86)
	at org.junit.platform.launcher.core.DefaultLauncherSession$DelegatingLauncher.execute(DefaultLauncherSession.java:86)
	at org.gradle.api.internal.tasks.testing.junitplatform.JUnitPlatformTestClassProcessor$CollectAllTestClassesExecutor.processAllTestClasses(JUnitPlatformTestClassProcessor.java:119)
	at org.gradle.api.internal.tasks.testing.junitplatform.JUnitPlatformTestClassProcessor$CollectAllTestClassesExecutor.access$000(JUnitPlatformTestClassProcessor.java:94)
	at org.gradle.api.internal.tasks.testing.junitplatform.JUnitPlatformTestClassProcessor.stop(JUnitPlatformTestClassProcessor.java:89)
	at org.gradle.api.internal.tasks.testing.SuiteTestClassProcessor.stop(SuiteTestClassProcessor.java:62)
	at sun.reflect.NativeMethodAccessorImpl.invoke0(Native Method)
	at sun.reflect.NativeMethodAccessorImpl.invoke(NativeMethodAccessorImpl.java:62)
	at sun.reflect.DelegatingMethodAccessorImpl.invoke(DelegatingMethodAccessorImpl.java:43)
	at java.lang.reflect.Method.invoke(Method.java:498)
	at org.gradle.internal.dispatch.ReflectionDispatch.dispatch(ReflectionDispatch.java:36)
	at org.gradle.internal.dispatch.ReflectionDispatch.dispatch(ReflectionDispatch.java:24)
	at org.gradle.internal.dispatch.ContextClassLoaderDispatch.dispatch(ContextClassLoaderDispatch.java:33)
	at org.gradle.internal.dispatch.ProxyDispatchAdapter$DispatchingInvocationHandler.invoke(ProxyDispatchAdapter.java:94)
	at com.sun.proxy.$Proxy2.stop(Unknown Source)
	at org.gradle.api.internal.tasks.testing.worker.TestWorker$3.run(TestWorker.java:193)
	at org.gradle.api.internal.tasks.testing.worker.TestWorker.executeAndMaintainThreadName(TestWorker.java:129)
	at org.gradle.api.internal.tasks.testing.worker.TestWorker.execute(TestWorker.java:100)
	at org.gradle.api.internal.tasks.testing.worker.TestWorker.execute(TestWorker.java:60)
	at org.gradle.process.internal.worker.child.ActionExecutionWorker.execute(ActionExecutionWorker.java:56)
	at org.gradle.process.internal.worker.child.SystemApplicationClassLoaderWorker.call(SystemApplicationClassLoaderWorker.java:113)
	at org.gradle.process.internal.worker.child.SystemApplicationClassLoaderWorker.call(SystemApplicationClassLoaderWorker.java:65)
	at worker.org.gradle.process.internal.worker.GradleWorkerMain.run(GradleWorkerMain.java:69)
	at worker.org.gradle.process.internal.worker.GradleWorkerMain.main(GradleWorkerMain.java:74)
Caused by: java.nio.BufferUnderflowException
	at java.nio.Buffer.nextGetIndex(Buffer.java:510)
	at java.nio.HeapByteBuffer.getInt(HeapByteBuffer.java:375)
	at org.apache.kafka.common.protocol.ByteBufferAccessor.readInt(ByteBufferAccessor.java:43)
	at org.apache.kafka.common.message.ConsumerProtocolSubscription.read(ConsumerProtocolSubscription.java:126)
	at org.apache.kafka.common.message.ConsumerProtocolSubscription.<init>(ConsumerProtocolSubscription.java:96)
	at org.apache.kafka.clients.consumer.internals.ConsumerProtocol.deserializeSubscription(ConsumerProtocol.java:103)
	... 146 more
]]></system-out>
  <system-err><![CDATA[]]></system-err>
</testsuite>
