<?xml version="1.0" encoding="UTF-8"?>
<testsuite name="org.apache.kafka.log4jappender.KafkaLog4jAppenderTest" tests="10" skipped="0" failures="2" errors="0" timestamp="2024-04-09T11:19:26" hostname="ip-192-168-1-113.eu-central-1.compute.internal" time="8.937">
  <properties/>
  <testcase name="testSyncSendWithoutIgnoringExceptionsShouldNotThrowException()" classname="org.apache.kafka.log4jappender.KafkaLog4jAppenderTest" time="5.047"/>
  <testcase name="testLog4jAppends()" classname="org.apache.kafka.log4jappender.KafkaLog4jAppenderTest" time="0.147"/>
  <testcase name="testRealProducerConfigWithSyncSendAndNotIgnoringExceptionsShouldThrowException()" classname="org.apache.kafka.log4jappender.KafkaLog4jAppenderTest" time="2.176"/>
  <testcase name="testSetSaslMechanism()" classname="org.apache.kafka.log4jappender.KafkaLog4jAppenderTest" time="0.86">
    <failure message="org.apache.kafka.common.KafkaException: Failed to close kafka producer" type="org.apache.kafka.common.KafkaException">org.apache.kafka.common.KafkaException: Failed to close kafka producer
	at org.apache.kafka.clients.producer.KafkaProducer.close(KafkaProducer.java:1404)
	at org.apache.kafka.clients.producer.KafkaProducer.close(KafkaProducer.java:1339)
	at org.apache.kafka.clients.producer.KafkaProducer.close(KafkaProducer.java:1315)
	at org.apache.kafka.log4jappender.KafkaLog4jAppender.close(KafkaLog4jAppender.java:373)
	at org.apache.log4j.helpers.AppenderAttachableImpl.removeAllAppenders(AppenderAttachableImpl.java:114)
	at org.apache.log4j.Category.removeAllAppenders(Category.java:803)
	at org.apache.log4j.PropertyConfigurator.parseCategory(PropertyConfigurator.java:702)
	at org.apache.log4j.PropertyConfigurator.configureRootCategory(PropertyConfigurator.java:603)
	at org.apache.log4j.PropertyConfigurator.doConfigure(PropertyConfigurator.java:491)
	at org.apache.log4j.PropertyConfigurator.configure(PropertyConfigurator.java:430)
	at org.apache.kafka.log4jappender.KafkaLog4jAppenderTest.testSetSaslMechanism(KafkaLog4jAppenderTest.java:80)
	at sun.reflect.NativeMethodAccessorImpl.invoke0(Native Method)
	at sun.reflect.NativeMethodAccessorImpl.invoke(NativeMethodAccessorImpl.java:62)
	at sun.reflect.DelegatingMethodAccessorImpl.invoke(DelegatingMethodAccessorImpl.java:43)
	at java.lang.reflect.Method.invoke(Method.java:498)
	at org.junit.platform.commons.util.ReflectionUtils.invokeMethod(ReflectionUtils.java:728)
	at org.junit.jupiter.engine.execution.MethodInvocation.proceed(MethodInvocation.java:60)
	at org.junit.jupiter.engine.execution.InvocationInterceptorChain$ValidatingInvocation.proceed(InvocationInterceptorChain.java:131)
	at org.junit.jupiter.engine.extension.TimeoutExtension.intercept(TimeoutExtension.java:156)
	at org.junit.jupiter.engine.extension.TimeoutExtension.interceptTestableMethod(TimeoutExtension.java:147)
	at org.junit.jupiter.engine.extension.TimeoutExtension.interceptTestMethod(TimeoutExtension.java:86)
	at org.junit.jupiter.engine.execution.InterceptingExecutableInvoker$ReflectiveInterceptorCall.lambda$ofVoidMethod$0(InterceptingExecutableInvoker.java:103)
	at org.junit.jupiter.engine.execution.InterceptingExecutableInvoker.lambda$invoke$0(InterceptingExecutableInvoker.java:93)
	at org.junit.jupiter.engine.execution.InvocationInterceptorChain$InterceptedInvocation.proceed(InvocationInterceptorChain.java:106)
	at org.junit.jupiter.engine.execution.InvocationInterceptorChain.proceed(InvocationInterceptorChain.java:64)
	at org.junit.jupiter.engine.execution.InvocationInterceptorChain.chainAndInvoke(InvocationInterceptorChain.java:45)
	at org.junit.jupiter.engine.execution.InvocationInterceptorChain.invoke(InvocationInterceptorChain.java:37)
	at org.junit.jupiter.engine.execution.InterceptingExecutableInvoker.invoke(InterceptingExecutableInvoker.java:92)
	at org.junit.jupiter.engine.execution.InterceptingExecutableInvoker.invoke(InterceptingExecutableInvoker.java:86)
	at org.junit.jupiter.engine.descriptor.TestMethodTestDescriptor.lambda$invokeTestMethod$7(TestMethodTestDescriptor.java:218)
	at org.junit.platform.engine.support.hierarchical.ThrowableCollector.execute(ThrowableCollector.java:73)
	at org.junit.jupiter.engine.descriptor.TestMethodTestDescriptor.invokeTestMethod(TestMethodTestDescriptor.java:214)
	at org.junit.jupiter.engine.descriptor.TestMethodTestDescriptor.execute(TestMethodTestDescriptor.java:139)
	at org.junit.jupiter.engine.descriptor.TestMethodTestDescriptor.execute(TestMethodTestDescriptor.java:69)
	at org.junit.platform.engine.support.hierarchical.NodeTestTask.lambda$executeRecursively$6(NodeTestTask.java:151)
	at org.junit.platform.engine.support.hierarchical.ThrowableCollector.execute(ThrowableCollector.java:73)
	at org.junit.platform.engine.support.hierarchical.NodeTestTask.lambda$executeRecursively$8(NodeTestTask.java:141)
	at org.junit.platform.engine.support.hierarchical.Node.around(Node.java:137)
	at org.junit.platform.engine.support.hierarchical.NodeTestTask.lambda$executeRecursively$9(NodeTestTask.java:139)
	at org.junit.platform.engine.support.hierarchical.ThrowableCollector.execute(ThrowableCollector.java:73)
	at org.junit.platform.engine.support.hierarchical.NodeTestTask.executeRecursively(NodeTestTask.java:138)
	at org.junit.platform.engine.support.hierarchical.NodeTestTask.execute(NodeTestTask.java:95)
	at java.util.ArrayList.forEach(ArrayList.java:1259)
	at org.junit.platform.engine.support.hierarchical.SameThreadHierarchicalTestExecutorService.invokeAll(SameThreadHierarchicalTestExecutorService.java:41)
	at org.junit.platform.engine.support.hierarchical.NodeTestTask.lambda$executeRecursively$6(NodeTestTask.java:155)
	at org.junit.platform.engine.support.hierarchical.ThrowableCollector.execute(ThrowableCollector.java:73)
	at org.junit.platform.engine.support.hierarchical.NodeTestTask.lambda$executeRecursively$8(NodeTestTask.java:141)
	at org.junit.platform.engine.support.hierarchical.Node.around(Node.java:137)
	at org.junit.platform.engine.support.hierarchical.NodeTestTask.lambda$executeRecursively$9(NodeTestTask.java:139)
	at org.junit.platform.engine.support.hierarchical.ThrowableCollector.execute(ThrowableCollector.java:73)
	at org.junit.platform.engine.support.hierarchical.NodeTestTask.executeRecursively(NodeTestTask.java:138)
	at org.junit.platform.engine.support.hierarchical.NodeTestTask.execute(NodeTestTask.java:95)
	at java.util.ArrayList.forEach(ArrayList.java:1259)
	at org.junit.platform.engine.support.hierarchical.SameThreadHierarchicalTestExecutorService.invokeAll(SameThreadHierarchicalTestExecutorService.java:41)
	at org.junit.platform.engine.support.hierarchical.NodeTestTask.lambda$executeRecursively$6(NodeTestTask.java:155)
	at org.junit.platform.engine.support.hierarchical.ThrowableCollector.execute(ThrowableCollector.java:73)
	at org.junit.platform.engine.support.hierarchical.NodeTestTask.lambda$executeRecursively$8(NodeTestTask.java:141)
	at org.junit.platform.engine.support.hierarchical.Node.around(Node.java:137)
	at org.junit.platform.engine.support.hierarchical.NodeTestTask.lambda$executeRecursively$9(NodeTestTask.java:139)
	at org.junit.platform.engine.support.hierarchical.ThrowableCollector.execute(ThrowableCollector.java:73)
	at org.junit.platform.engine.support.hierarchical.NodeTestTask.executeRecursively(NodeTestTask.java:138)
	at org.junit.platform.engine.support.hierarchical.NodeTestTask.execute(NodeTestTask.java:95)
	at org.junit.platform.engine.support.hierarchical.SameThreadHierarchicalTestExecutorService.submit(SameThreadHierarchicalTestExecutorService.java:35)
	at org.junit.platform.engine.support.hierarchical.HierarchicalTestExecutor.execute(HierarchicalTestExecutor.java:57)
	at org.junit.platform.engine.support.hierarchical.HierarchicalTestEngine.execute(HierarchicalTestEngine.java:54)
	at org.junit.platform.launcher.core.EngineExecutionOrchestrator.execute(EngineExecutionOrchestrator.java:107)
	at org.junit.platform.launcher.core.EngineExecutionOrchestrator.execute(EngineExecutionOrchestrator.java:88)
	at org.junit.platform.launcher.core.EngineExecutionOrchestrator.lambda$execute$0(EngineExecutionOrchestrator.java:54)
	at org.junit.platform.launcher.core.EngineExecutionOrchestrator.withInterceptedStreams(EngineExecutionOrchestrator.java:67)
	at org.junit.platform.launcher.core.EngineExecutionOrchestrator.execute(EngineExecutionOrchestrator.java:52)
	at org.junit.platform.launcher.core.DefaultLauncher.execute(DefaultLauncher.java:114)
	at org.junit.platform.launcher.core.DefaultLauncher.execute(DefaultLauncher.java:86)
	at org.junit.platform.launcher.core.DefaultLauncherSession$DelegatingLauncher.execute(DefaultLauncherSession.java:86)
	at org.gradle.api.internal.tasks.testing.junitplatform.JUnitPlatformTestClassProcessor$CollectAllTestClassesExecutor.processAllTestClasses(JUnitPlatformTestClassProcessor.java:119)
	at org.gradle.api.internal.tasks.testing.junitplatform.JUnitPlatformTestClassProcessor$CollectAllTestClassesExecutor.access$000(JUnitPlatformTestClassProcessor.java:94)
	at org.gradle.api.internal.tasks.testing.junitplatform.JUnitPlatformTestClassProcessor.stop(JUnitPlatformTestClassProcessor.java:89)
	at org.gradle.api.internal.tasks.testing.SuiteTestClassProcessor.stop(SuiteTestClassProcessor.java:62)
	at sun.reflect.NativeMethodAccessorImpl.invoke0(Native Method)
	at sun.reflect.NativeMethodAccessorImpl.invoke(NativeMethodAccessorImpl.java:62)
	at sun.reflect.DelegatingMethodAccessorImpl.invoke(DelegatingMethodAccessorImpl.java:43)
	at java.lang.reflect.Method.invoke(Method.java:498)
	at org.gradle.internal.dispatch.ReflectionDispatch.dispatch(ReflectionDispatch.java:36)
	at org.gradle.internal.dispatch.ReflectionDispatch.dispatch(ReflectionDispatch.java:24)
	at org.gradle.internal.dispatch.ContextClassLoaderDispatch.dispatch(ContextClassLoaderDispatch.java:33)
	at org.gradle.internal.dispatch.ProxyDispatchAdapter$DispatchingInvocationHandler.invoke(ProxyDispatchAdapter.java:94)
	at com.sun.proxy.$Proxy2.stop(Unknown Source)
	at org.gradle.api.internal.tasks.testing.worker.TestWorker$3.run(TestWorker.java:193)
	at org.gradle.api.internal.tasks.testing.worker.TestWorker.executeAndMaintainThreadName(TestWorker.java:129)
	at org.gradle.api.internal.tasks.testing.worker.TestWorker.execute(TestWorker.java:100)
	at org.gradle.api.internal.tasks.testing.worker.TestWorker.execute(TestWorker.java:60)
	at org.gradle.process.internal.worker.child.ActionExecutionWorker.execute(ActionExecutionWorker.java:56)
	at org.gradle.process.internal.worker.child.SystemApplicationClassLoaderWorker.call(SystemApplicationClassLoaderWorker.java:113)
	at org.gradle.process.internal.worker.child.SystemApplicationClassLoaderWorker.call(SystemApplicationClassLoaderWorker.java:65)
	at worker.org.gradle.process.internal.worker.GradleWorkerMain.run(GradleWorkerMain.java:69)
	at worker.org.gradle.process.internal.worker.GradleWorkerMain.main(GradleWorkerMain.java:74)
Caused by: java.lang.NullPointerException
	at org.apache.kafka.superstream.SuperstreamSerializer.close(SuperstreamSerializer.java:113)
	at org.apache.kafka.common.utils.Utils.closeQuietly(Utils.java:1171)
	at org.apache.kafka.clients.producer.KafkaProducer.close(KafkaProducer.java:1395)
	... 94 more
</failure>
  </testcase>
  <testcase name="testJaasConfigNotSet()" classname="org.apache.kafka.log4jappender.KafkaLog4jAppenderTest" time="0.127"/>
  <testcase name="testRealProducerConfigWithSyncSendShouldNotThrowException()" classname="org.apache.kafka.log4jappender.KafkaLog4jAppenderTest" time="0.196"/>
  <testcase name="testKafkaLog4jConfigs()" classname="org.apache.kafka.log4jappender.KafkaLog4jAppenderTest" time="0.058">
    <failure message="org.opentest4j.AssertionFailedError: Missing properties exception was expected ! ==&gt; Unexpected exception type thrown, expected: &lt;org.apache.kafka.common.config.ConfigException&gt; but was: &lt;org.apache.kafka.common.KafkaException&gt;" type="org.opentest4j.AssertionFailedError">org.opentest4j.AssertionFailedError: Missing properties exception was expected ! ==&gt; Unexpected exception type thrown, expected: &lt;org.apache.kafka.common.config.ConfigException&gt; but was: &lt;org.apache.kafka.common.KafkaException&gt;
	at org.junit.jupiter.api.AssertionFailureBuilder.build(AssertionFailureBuilder.java:151)
	at org.junit.jupiter.api.AssertThrows.assertThrows(AssertThrows.java:67)
	at org.junit.jupiter.api.AssertThrows.assertThrows(AssertThrows.java:39)
	at org.junit.jupiter.api.Assertions.assertThrows(Assertions.java:3131)
	at org.apache.kafka.log4jappender.KafkaLog4jAppenderTest.testKafkaLog4jConfigs(KafkaLog4jAppenderTest.java:63)
	at sun.reflect.NativeMethodAccessorImpl.invoke0(Native Method)
	at sun.reflect.NativeMethodAccessorImpl.invoke(NativeMethodAccessorImpl.java:62)
	at sun.reflect.DelegatingMethodAccessorImpl.invoke(DelegatingMethodAccessorImpl.java:43)
	at java.lang.reflect.Method.invoke(Method.java:498)
	at org.junit.platform.commons.util.ReflectionUtils.invokeMethod(ReflectionUtils.java:728)
	at org.junit.jupiter.engine.execution.MethodInvocation.proceed(MethodInvocation.java:60)
	at org.junit.jupiter.engine.execution.InvocationInterceptorChain$ValidatingInvocation.proceed(InvocationInterceptorChain.java:131)
	at org.junit.jupiter.engine.extension.TimeoutExtension.intercept(TimeoutExtension.java:156)
	at org.junit.jupiter.engine.extension.TimeoutExtension.interceptTestableMethod(TimeoutExtension.java:147)
	at org.junit.jupiter.engine.extension.TimeoutExtension.interceptTestMethod(TimeoutExtension.java:86)
	at org.junit.jupiter.engine.execution.InterceptingExecutableInvoker$ReflectiveInterceptorCall.lambda$ofVoidMethod$0(InterceptingExecutableInvoker.java:103)
	at org.junit.jupiter.engine.execution.InterceptingExecutableInvoker.lambda$invoke$0(InterceptingExecutableInvoker.java:93)
	at org.junit.jupiter.engine.execution.InvocationInterceptorChain$InterceptedInvocation.proceed(InvocationInterceptorChain.java:106)
	at org.junit.jupiter.engine.execution.InvocationInterceptorChain.proceed(InvocationInterceptorChain.java:64)
	at org.junit.jupiter.engine.execution.InvocationInterceptorChain.chainAndInvoke(InvocationInterceptorChain.java:45)
	at org.junit.jupiter.engine.execution.InvocationInterceptorChain.invoke(InvocationInterceptorChain.java:37)
	at org.junit.jupiter.engine.execution.InterceptingExecutableInvoker.invoke(InterceptingExecutableInvoker.java:92)
	at org.junit.jupiter.engine.execution.InterceptingExecutableInvoker.invoke(InterceptingExecutableInvoker.java:86)
	at org.junit.jupiter.engine.descriptor.TestMethodTestDescriptor.lambda$invokeTestMethod$7(TestMethodTestDescriptor.java:218)
	at org.junit.platform.engine.support.hierarchical.ThrowableCollector.execute(ThrowableCollector.java:73)
	at org.junit.jupiter.engine.descriptor.TestMethodTestDescriptor.invokeTestMethod(TestMethodTestDescriptor.java:214)
	at org.junit.jupiter.engine.descriptor.TestMethodTestDescriptor.execute(TestMethodTestDescriptor.java:139)
	at org.junit.jupiter.engine.descriptor.TestMethodTestDescriptor.execute(TestMethodTestDescriptor.java:69)
	at org.junit.platform.engine.support.hierarchical.NodeTestTask.lambda$executeRecursively$6(NodeTestTask.java:151)
	at org.junit.platform.engine.support.hierarchical.ThrowableCollector.execute(ThrowableCollector.java:73)
	at org.junit.platform.engine.support.hierarchical.NodeTestTask.lambda$executeRecursively$8(NodeTestTask.java:141)
	at org.junit.platform.engine.support.hierarchical.Node.around(Node.java:137)
	at org.junit.platform.engine.support.hierarchical.NodeTestTask.lambda$executeRecursively$9(NodeTestTask.java:139)
	at org.junit.platform.engine.support.hierarchical.ThrowableCollector.execute(ThrowableCollector.java:73)
	at org.junit.platform.engine.support.hierarchical.NodeTestTask.executeRecursively(NodeTestTask.java:138)
	at org.junit.platform.engine.support.hierarchical.NodeTestTask.execute(NodeTestTask.java:95)
	at java.util.ArrayList.forEach(ArrayList.java:1259)
	at org.junit.platform.engine.support.hierarchical.SameThreadHierarchicalTestExecutorService.invokeAll(SameThreadHierarchicalTestExecutorService.java:41)
	at org.junit.platform.engine.support.hierarchical.NodeTestTask.lambda$executeRecursively$6(NodeTestTask.java:155)
	at org.junit.platform.engine.support.hierarchical.ThrowableCollector.execute(ThrowableCollector.java:73)
	at org.junit.platform.engine.support.hierarchical.NodeTestTask.lambda$executeRecursively$8(NodeTestTask.java:141)
	at org.junit.platform.engine.support.hierarchical.Node.around(Node.java:137)
	at org.junit.platform.engine.support.hierarchical.NodeTestTask.lambda$executeRecursively$9(NodeTestTask.java:139)
	at org.junit.platform.engine.support.hierarchical.ThrowableCollector.execute(ThrowableCollector.java:73)
	at org.junit.platform.engine.support.hierarchical.NodeTestTask.executeRecursively(NodeTestTask.java:138)
	at org.junit.platform.engine.support.hierarchical.NodeTestTask.execute(NodeTestTask.java:95)
	at java.util.ArrayList.forEach(ArrayList.java:1259)
	at org.junit.platform.engine.support.hierarchical.SameThreadHierarchicalTestExecutorService.invokeAll(SameThreadHierarchicalTestExecutorService.java:41)
	at org.junit.platform.engine.support.hierarchical.NodeTestTask.lambda$executeRecursively$6(NodeTestTask.java:155)
	at org.junit.platform.engine.support.hierarchical.ThrowableCollector.execute(ThrowableCollector.java:73)
	at org.junit.platform.engine.support.hierarchical.NodeTestTask.lambda$executeRecursively$8(NodeTestTask.java:141)
	at org.junit.platform.engine.support.hierarchical.Node.around(Node.java:137)
	at org.junit.platform.engine.support.hierarchical.NodeTestTask.lambda$executeRecursively$9(NodeTestTask.java:139)
	at org.junit.platform.engine.support.hierarchical.ThrowableCollector.execute(ThrowableCollector.java:73)
	at org.junit.platform.engine.support.hierarchical.NodeTestTask.executeRecursively(NodeTestTask.java:138)
	at org.junit.platform.engine.support.hierarchical.NodeTestTask.execute(NodeTestTask.java:95)
	at org.junit.platform.engine.support.hierarchical.SameThreadHierarchicalTestExecutorService.submit(SameThreadHierarchicalTestExecutorService.java:35)
	at org.junit.platform.engine.support.hierarchical.HierarchicalTestExecutor.execute(HierarchicalTestExecutor.java:57)
	at org.junit.platform.engine.support.hierarchical.HierarchicalTestEngine.execute(HierarchicalTestEngine.java:54)
	at org.junit.platform.launcher.core.EngineExecutionOrchestrator.execute(EngineExecutionOrchestrator.java:107)
	at org.junit.platform.launcher.core.EngineExecutionOrchestrator.execute(EngineExecutionOrchestrator.java:88)
	at org.junit.platform.launcher.core.EngineExecutionOrchestrator.lambda$execute$0(EngineExecutionOrchestrator.java:54)
	at org.junit.platform.launcher.core.EngineExecutionOrchestrator.withInterceptedStreams(EngineExecutionOrchestrator.java:67)
	at org.junit.platform.launcher.core.EngineExecutionOrchestrator.execute(EngineExecutionOrchestrator.java:52)
	at org.junit.platform.launcher.core.DefaultLauncher.execute(DefaultLauncher.java:114)
	at org.junit.platform.launcher.core.DefaultLauncher.execute(DefaultLauncher.java:86)
	at org.junit.platform.launcher.core.DefaultLauncherSession$DelegatingLauncher.execute(DefaultLauncherSession.java:86)
	at org.gradle.api.internal.tasks.testing.junitplatform.JUnitPlatformTestClassProcessor$CollectAllTestClassesExecutor.processAllTestClasses(JUnitPlatformTestClassProcessor.java:119)
	at org.gradle.api.internal.tasks.testing.junitplatform.JUnitPlatformTestClassProcessor$CollectAllTestClassesExecutor.access$000(JUnitPlatformTestClassProcessor.java:94)
	at org.gradle.api.internal.tasks.testing.junitplatform.JUnitPlatformTestClassProcessor.stop(JUnitPlatformTestClassProcessor.java:89)
	at org.gradle.api.internal.tasks.testing.SuiteTestClassProcessor.stop(SuiteTestClassProcessor.java:62)
	at sun.reflect.NativeMethodAccessorImpl.invoke0(Native Method)
	at sun.reflect.NativeMethodAccessorImpl.invoke(NativeMethodAccessorImpl.java:62)
	at sun.reflect.DelegatingMethodAccessorImpl.invoke(DelegatingMethodAccessorImpl.java:43)
	at java.lang.reflect.Method.invoke(Method.java:498)
	at org.gradle.internal.dispatch.ReflectionDispatch.dispatch(ReflectionDispatch.java:36)
	at org.gradle.internal.dispatch.ReflectionDispatch.dispatch(ReflectionDispatch.java:24)
	at org.gradle.internal.dispatch.ContextClassLoaderDispatch.dispatch(ContextClassLoaderDispatch.java:33)
	at org.gradle.internal.dispatch.ProxyDispatchAdapter$DispatchingInvocationHandler.invoke(ProxyDispatchAdapter.java:94)
	at com.sun.proxy.$Proxy2.stop(Unknown Source)
	at org.gradle.api.internal.tasks.testing.worker.TestWorker$3.run(TestWorker.java:193)
	at org.gradle.api.internal.tasks.testing.worker.TestWorker.executeAndMaintainThreadName(TestWorker.java:129)
	at org.gradle.api.internal.tasks.testing.worker.TestWorker.execute(TestWorker.java:100)
	at org.gradle.api.internal.tasks.testing.worker.TestWorker.execute(TestWorker.java:60)
	at org.gradle.process.internal.worker.child.ActionExecutionWorker.execute(ActionExecutionWorker.java:56)
	at org.gradle.process.internal.worker.child.SystemApplicationClassLoaderWorker.call(SystemApplicationClassLoaderWorker.java:113)
	at org.gradle.process.internal.worker.child.SystemApplicationClassLoaderWorker.call(SystemApplicationClassLoaderWorker.java:65)
	at worker.org.gradle.process.internal.worker.GradleWorkerMain.run(GradleWorkerMain.java:69)
	at worker.org.gradle.process.internal.worker.GradleWorkerMain.main(GradleWorkerMain.java:74)
Caused by: org.apache.kafka.common.KafkaException: Failed to close kafka producer
	at org.apache.kafka.clients.producer.KafkaProducer.close(KafkaProducer.java:1404)
	at org.apache.kafka.clients.producer.KafkaProducer.close(KafkaProducer.java:1339)
	at org.apache.kafka.clients.producer.KafkaProducer.close(KafkaProducer.java:1315)
	at org.apache.kafka.log4jappender.KafkaLog4jAppender.close(KafkaLog4jAppender.java:373)
	at org.apache.log4j.helpers.AppenderAttachableImpl.removeAllAppenders(AppenderAttachableImpl.java:114)
	at org.apache.log4j.Category.removeAllAppenders(Category.java:803)
	at org.apache.log4j.PropertyConfigurator.parseCategory(PropertyConfigurator.java:702)
	at org.apache.log4j.PropertyConfigurator.configureRootCategory(PropertyConfigurator.java:603)
	at org.apache.log4j.PropertyConfigurator.doConfigure(PropertyConfigurator.java:491)
	at org.apache.log4j.PropertyConfigurator.configure(PropertyConfigurator.java:430)
	at org.apache.kafka.log4jappender.KafkaLog4jAppenderTest.lambda$testKafkaLog4jConfigs$0(KafkaLog4jAppenderTest.java:63)
	at org.junit.jupiter.api.AssertThrows.assertThrows(AssertThrows.java:53)
	... 87 more
Caused by: java.lang.NullPointerException
	at org.apache.kafka.superstream.SuperstreamSerializer.close(SuperstreamSerializer.java:113)
	at org.apache.kafka.common.utils.Utils.closeQuietly(Utils.java:1171)
	at org.apache.kafka.clients.producer.KafkaProducer.close(KafkaProducer.java:1395)
	... 98 more
</failure>
  </testcase>
  <testcase name="testSyncSendAndSimulateProducerFailShouldThrowException()" classname="org.apache.kafka.log4jappender.KafkaLog4jAppenderTest" time="0.053"/>
  <testcase name="testSaslMechanismNotSet()" classname="org.apache.kafka.log4jappender.KafkaLog4jAppenderTest" time="0.03"/>
  <testcase name="testSetJaasConfig()" classname="org.apache.kafka.log4jappender.KafkaLog4jAppenderTest" time="0.003"/>
  <system-out><![CDATA[log4j: Parsing for [root] with value=[INFO, KAFKA].
log4j: Level token is [INFO].
log4j: Category root set to INFO
log4j: Parsing appender named "KAFKA".
log4j: Parsing layout options for "KAFKA".
log4j: Setting property [conversionPattern] to [%-5p: %c - %m%n].
log4j: End of parsing for "KAFKA".
log4j: Setting property [requiredNumAcks] to [-1].
log4j: Setting property [brokerList] to [127.0.0.1:9093].
log4j: Setting property [topic] to [test-topic].
log4j: Setting property [syncSend] to [true].
log4j: Setting property [ignoreExceptions] to [false].
log4j: Kafka producer connected to 127.0.0.1:9093
log4j: Logging for topic: test-topic
log4j: Parsed "KAFKA" options.
log4j: Parsing for [kafka.log4j] with value=[INFO, KAFKA].
log4j: Level token is [INFO].
log4j: Category kafka.log4j set to INFO
log4j: Parsing appender named "KAFKA".
log4j: Appender "KAFKA" was already parsed.
log4j: Handling log4j.additivity.kafka.log4j=[null]
log4j: Finished configuring.
log4j: Kafka producer connected to 127.0.0.1:9093
log4j: Logging for topic: test-topic
log4j: [Tue Apr 09 14:19:30 IDT 2024]ERROR: org.apache.kafka.log4jappender.KafkaLog4jAppenderTest - [B@9635fa

log4j: Parsing for [root] with value=[INFO, KAFKA].
log4j: Level token is [INFO].
log4j: Category root set to INFO
log4j: Parsing appender named "KAFKA".
log4j: Parsing layout options for "KAFKA".
log4j: Setting property [conversionPattern] to [%-5p: %c - %m%n].
log4j: End of parsing for "KAFKA".
log4j: Setting property [requiredNumAcks] to [-1].
log4j: Setting property [brokerList] to [127.0.0.1:9093].
log4j: Setting property [topic] to [test-topic].
log4j: Setting property [syncSend] to [false].
log4j: Kafka producer connected to 127.0.0.1:9093
log4j: Logging for topic: test-topic
log4j: Parsed "KAFKA" options.
log4j: Parsing for [kafka.log4j] with value=[INFO, KAFKA].
log4j: Level token is [INFO].
log4j: Category kafka.log4j set to INFO
log4j: Parsing appender named "KAFKA".
log4j: Appender "KAFKA" was already parsed.
log4j: Handling log4j.additivity.kafka.log4j=[null]
log4j: Finished configuring.
log4j: [Tue Apr 09 14:19:31 IDT 2024]ERROR: org.apache.kafka.log4jappender.KafkaLog4jAppenderTest - [B@4ef27d66

log4j: [Tue Apr 09 14:19:31 IDT 2024]ERROR: org.apache.kafka.log4jappender.KafkaLog4jAppenderTest - [B@439a8f59

log4j: [Tue Apr 09 14:19:31 IDT 2024]ERROR: org.apache.kafka.log4jappender.KafkaLog4jAppenderTest - [B@61861a29

log4j: [Tue Apr 09 14:19:31 IDT 2024]ERROR: org.apache.kafka.log4jappender.KafkaLog4jAppenderTest - [B@31024624

log4j: [Tue Apr 09 14:19:31 IDT 2024]ERROR: org.apache.kafka.log4jappender.KafkaLog4jAppenderTest - [B@25bcd0c7

log4j: Parsing for [root] with value=[INFO, KAFKA].
log4j: Level token is [INFO].
log4j: Category root set to INFO
log4j: Parsing appender named "KAFKA".
log4j: Parsing layout options for "KAFKA".
log4j: Setting property [conversionPattern] to [%-5p: %c - %m%n].
log4j: End of parsing for "KAFKA".
log4j: Setting property [maxBlockMs] to [10].
log4j: Setting property [requiredNumAcks] to [-1].
log4j: Setting property [brokerList] to [127.0.0.2:9093].
log4j: Setting property [topic] to [test-topic].
log4j: Setting property [syncSend] to [true].
log4j: Setting property [ignoreExceptions] to [false].
superstream: error initializing superstream: token is required
log4j: Kafka producer connected to 127.0.0.2:9093
log4j: Logging for topic: test-topic
log4j: Parsed "KAFKA" options.
log4j: Parsing for [kafka.log4j] with value=[INFO, KAFKA].
log4j: Level token is [INFO].
log4j: Category kafka.log4j set to INFO
log4j: Parsing appender named "KAFKA".
log4j: Appender "KAFKA" was already parsed.
log4j: Handling log4j.additivity.kafka.log4j=[null]
log4j: Finished configuring.
log4j: [Tue Apr 09 14:19:33 IDT 2024]ERROR: org.apache.kafka.log4jappender.KafkaLog4jAppenderTest - [B@12f3afb5

log4j: Parsing for [root] with value=[INFO, KAFKA].
log4j: Level token is [INFO].
log4j: Category root set to INFO
log4j: Parsing for [root] with value=[INFO, KAFKA].
log4j: Level token is [INFO].
log4j: Category root set to INFO
log4j: Parsing appender named "KAFKA".
log4j: Parsing layout options for "KAFKA".
log4j: Setting property [conversionPattern] to [%-5p: %c - %m%n].
log4j: End of parsing for "KAFKA".
log4j: Setting property [requiredNumAcks] to [-1].
log4j: Setting property [brokerList] to [127.0.0.1:9093].
log4j: Setting property [topic] to [test-topic].
log4j: Setting property [syncSend] to [false].
log4j: Kafka producer connected to 127.0.0.1:9093
log4j: Logging for topic: test-topic
log4j: Parsed "KAFKA" options.
log4j: Parsing for [kafka.log4j] with value=[INFO, KAFKA].
log4j: Level token is [INFO].
log4j: Category kafka.log4j set to INFO
log4j: Parsing appender named "KAFKA".
log4j: Appender "KAFKA" was already parsed.
log4j: Handling log4j.additivity.kafka.log4j=[null]
log4j: Finished configuring.
log4j: Parsing for [root] with value=[INFO, KAFKA].
log4j: Level token is [INFO].
log4j: Category root set to INFO
log4j: Parsing appender named "KAFKA".
log4j: Parsing layout options for "KAFKA".
log4j: Setting property [conversionPattern] to [%-5p: %c - %m%n].
log4j: End of parsing for "KAFKA".
log4j: Setting property [maxBlockMs] to [10].
log4j: Setting property [requiredNumAcks] to [-1].
log4j: Setting property [brokerList] to [127.0.0.2:9093].
log4j: Setting property [topic] to [test-topic].
log4j: Setting property [syncSend] to [true].
log4j: Setting property [ignoreExceptions] to [true].
superstream: error initializing superstream: token is required
log4j: Kafka producer connected to 127.0.0.2:9093
log4j: Logging for topic: test-topic
log4j: Parsed "KAFKA" options.
log4j: Parsing for [kafka.log4j] with value=[INFO, KAFKA].
log4j: Level token is [INFO].
log4j: Category kafka.log4j set to INFO
log4j: Parsing appender named "KAFKA".
log4j: Appender "KAFKA" was already parsed.
log4j: Handling log4j.additivity.kafka.log4j=[null]
log4j: Finished configuring.
log4j: [Tue Apr 09 14:19:34 IDT 2024]ERROR: org.apache.kafka.log4jappender.KafkaLog4jAppenderTest - [B@2e6ee0bc

log4j: Exception while getting response
java.util.concurrent.ExecutionException: org.apache.kafka.common.errors.TimeoutException: Topic test-topic not present in metadata after 10 ms.
	at org.apache.kafka.clients.producer.KafkaProducer$FutureFailure.<init>(KafkaProducer.java:1475)
	at org.apache.kafka.clients.producer.KafkaProducer.doSend(KafkaProducer.java:1086)
	at org.apache.kafka.clients.producer.KafkaProducer.send(KafkaProducer.java:964)
	at org.apache.kafka.clients.producer.KafkaProducer.send(KafkaProducer.java:849)
	at org.apache.kafka.log4jappender.KafkaLog4jAppender.append(KafkaLog4jAppender.java:352)
	at org.apache.log4j.AppenderSkeleton.doAppend(AppenderSkeleton.java:228)
	at org.apache.log4j.helpers.AppenderAttachableImpl.appendLoopOnAppenders(AppenderAttachableImpl.java:56)
	at org.apache.log4j.Category.callAppenders(Category.java:194)
	at org.apache.log4j.Category.forcedLog(Category.java:364)
	at org.apache.log4j.Category.error(Category.java:287)
	at org.apache.kafka.log4jappender.KafkaLog4jAppenderTest.testRealProducerConfigWithSyncSendShouldNotThrowException(KafkaLog4jAppenderTest.java:152)
	at sun.reflect.NativeMethodAccessorImpl.invoke0(Native Method)
	at sun.reflect.NativeMethodAccessorImpl.invoke(NativeMethodAccessorImpl.java:62)
	at sun.reflect.DelegatingMethodAccessorImpl.invoke(DelegatingMethodAccessorImpl.java:43)
	at java.lang.reflect.Method.invoke(Method.java:498)
	at org.junit.platform.commons.util.ReflectionUtils.invokeMethod(ReflectionUtils.java:728)
	at org.junit.jupiter.engine.execution.MethodInvocation.proceed(MethodInvocation.java:60)
	at org.junit.jupiter.engine.execution.InvocationInterceptorChain$ValidatingInvocation.proceed(InvocationInterceptorChain.java:131)
	at org.junit.jupiter.engine.extension.TimeoutExtension.intercept(TimeoutExtension.java:156)
	at org.junit.jupiter.engine.extension.TimeoutExtension.interceptTestableMethod(TimeoutExtension.java:147)
	at org.junit.jupiter.engine.extension.TimeoutExtension.interceptTestMethod(TimeoutExtension.java:86)
	at org.junit.jupiter.engine.execution.InterceptingExecutableInvoker$ReflectiveInterceptorCall.lambda$ofVoidMethod$0(InterceptingExecutableInvoker.java:103)
	at org.junit.jupiter.engine.execution.InterceptingExecutableInvoker.lambda$invoke$0(InterceptingExecutableInvoker.java:93)
	at org.junit.jupiter.engine.execution.InvocationInterceptorChain$InterceptedInvocation.proceed(InvocationInterceptorChain.java:106)
	at org.junit.jupiter.engine.execution.InvocationInterceptorChain.proceed(InvocationInterceptorChain.java:64)
	at org.junit.jupiter.engine.execution.InvocationInterceptorChain.chainAndInvoke(InvocationInterceptorChain.java:45)
	at org.junit.jupiter.engine.execution.InvocationInterceptorChain.invoke(InvocationInterceptorChain.java:37)
	at org.junit.jupiter.engine.execution.InterceptingExecutableInvoker.invoke(InterceptingExecutableInvoker.java:92)
	at org.junit.jupiter.engine.execution.InterceptingExecutableInvoker.invoke(InterceptingExecutableInvoker.java:86)
	at org.junit.jupiter.engine.descriptor.TestMethodTestDescriptor.lambda$invokeTestMethod$7(TestMethodTestDescriptor.java:218)
	at org.junit.platform.engine.support.hierarchical.ThrowableCollector.execute(ThrowableCollector.java:73)
	at org.junit.jupiter.engine.descriptor.TestMethodTestDescriptor.invokeTestMethod(TestMethodTestDescriptor.java:214)
	at org.junit.jupiter.engine.descriptor.TestMethodTestDescriptor.execute(TestMethodTestDescriptor.java:139)
	at org.junit.jupiter.engine.descriptor.TestMethodTestDescriptor.execute(TestMethodTestDescriptor.java:69)
	at org.junit.platform.engine.support.hierarchical.NodeTestTask.lambda$executeRecursively$6(NodeTestTask.java:151)
	at org.junit.platform.engine.support.hierarchical.ThrowableCollector.execute(ThrowableCollector.java:73)
	at org.junit.platform.engine.support.hierarchical.NodeTestTask.lambda$executeRecursively$8(NodeTestTask.java:141)
	at org.junit.platform.engine.support.hierarchical.Node.around(Node.java:137)
	at org.junit.platform.engine.support.hierarchical.NodeTestTask.lambda$executeRecursively$9(NodeTestTask.java:139)
	at org.junit.platform.engine.support.hierarchical.ThrowableCollector.execute(ThrowableCollector.java:73)
	at org.junit.platform.engine.support.hierarchical.NodeTestTask.executeRecursively(NodeTestTask.java:138)
	at org.junit.platform.engine.support.hierarchical.NodeTestTask.execute(NodeTestTask.java:95)
	at java.util.ArrayList.forEach(ArrayList.java:1259)
	at org.junit.platform.engine.support.hierarchical.SameThreadHierarchicalTestExecutorService.invokeAll(SameThreadHierarchicalTestExecutorService.java:41)
	at org.junit.platform.engine.support.hierarchical.NodeTestTask.lambda$executeRecursively$6(NodeTestTask.java:155)
	at org.junit.platform.engine.support.hierarchical.ThrowableCollector.execute(ThrowableCollector.java:73)
	at org.junit.platform.engine.support.hierarchical.NodeTestTask.lambda$executeRecursively$8(NodeTestTask.java:141)
	at org.junit.platform.engine.support.hierarchical.Node.around(Node.java:137)
	at org.junit.platform.engine.support.hierarchical.NodeTestTask.lambda$executeRecursively$9(NodeTestTask.java:139)
	at org.junit.platform.engine.support.hierarchical.ThrowableCollector.execute(ThrowableCollector.java:73)
	at org.junit.platform.engine.support.hierarchical.NodeTestTask.executeRecursively(NodeTestTask.java:138)
	at org.junit.platform.engine.support.hierarchical.NodeTestTask.execute(NodeTestTask.java:95)
	at java.util.ArrayList.forEach(ArrayList.java:1259)
	at org.junit.platform.engine.support.hierarchical.SameThreadHierarchicalTestExecutorService.invokeAll(SameThreadHierarchicalTestExecutorService.java:41)
	at org.junit.platform.engine.support.hierarchical.NodeTestTask.lambda$executeRecursively$6(NodeTestTask.java:155)
	at org.junit.platform.engine.support.hierarchical.ThrowableCollector.execute(ThrowableCollector.java:73)
	at org.junit.platform.engine.support.hierarchical.NodeTestTask.lambda$executeRecursively$8(NodeTestTask.java:141)
	at org.junit.platform.engine.support.hierarchical.Node.around(Node.java:137)
	at org.junit.platform.engine.support.hierarchical.NodeTestTask.lambda$executeRecursively$9(NodeTestTask.java:139)
	at org.junit.platform.engine.support.hierarchical.ThrowableCollector.execute(ThrowableCollector.java:73)
	at org.junit.platform.engine.support.hierarchical.NodeTestTask.executeRecursively(NodeTestTask.java:138)
	at org.junit.platform.engine.support.hierarchical.NodeTestTask.execute(NodeTestTask.java:95)
	at org.junit.platform.engine.support.hierarchical.SameThreadHierarchicalTestExecutorService.submit(SameThreadHierarchicalTestExecutorService.java:35)
	at org.junit.platform.engine.support.hierarchical.HierarchicalTestExecutor.execute(HierarchicalTestExecutor.java:57)
	at org.junit.platform.engine.support.hierarchical.HierarchicalTestEngine.execute(HierarchicalTestEngine.java:54)
	at org.junit.platform.launcher.core.EngineExecutionOrchestrator.execute(EngineExecutionOrchestrator.java:107)
	at org.junit.platform.launcher.core.EngineExecutionOrchestrator.execute(EngineExecutionOrchestrator.java:88)
	at org.junit.platform.launcher.core.EngineExecutionOrchestrator.lambda$execute$0(EngineExecutionOrchestrator.java:54)
	at org.junit.platform.launcher.core.EngineExecutionOrchestrator.withInterceptedStreams(EngineExecutionOrchestrator.java:67)
	at org.junit.platform.launcher.core.EngineExecutionOrchestrator.execute(EngineExecutionOrchestrator.java:52)
	at org.junit.platform.launcher.core.DefaultLauncher.execute(DefaultLauncher.java:114)
	at org.junit.platform.launcher.core.DefaultLauncher.execute(DefaultLauncher.java:86)
	at org.junit.platform.launcher.core.DefaultLauncherSession$DelegatingLauncher.execute(DefaultLauncherSession.java:86)
	at org.gradle.api.internal.tasks.testing.junitplatform.JUnitPlatformTestClassProcessor$CollectAllTestClassesExecutor.processAllTestClasses(JUnitPlatformTestClassProcessor.java:119)
	at org.gradle.api.internal.tasks.testing.junitplatform.JUnitPlatformTestClassProcessor$CollectAllTestClassesExecutor.access$000(JUnitPlatformTestClassProcessor.java:94)
	at org.gradle.api.internal.tasks.testing.junitplatform.JUnitPlatformTestClassProcessor.stop(JUnitPlatformTestClassProcessor.java:89)
	at org.gradle.api.internal.tasks.testing.SuiteTestClassProcessor.stop(SuiteTestClassProcessor.java:62)
	at sun.reflect.NativeMethodAccessorImpl.invoke0(Native Method)
	at sun.reflect.NativeMethodAccessorImpl.invoke(NativeMethodAccessorImpl.java:62)
	at sun.reflect.DelegatingMethodAccessorImpl.invoke(DelegatingMethodAccessorImpl.java:43)
	at java.lang.reflect.Method.invoke(Method.java:498)
	at org.gradle.internal.dispatch.ReflectionDispatch.dispatch(ReflectionDispatch.java:36)
	at org.gradle.internal.dispatch.ReflectionDispatch.dispatch(ReflectionDispatch.java:24)
	at org.gradle.internal.dispatch.ContextClassLoaderDispatch.dispatch(ContextClassLoaderDispatch.java:33)
	at org.gradle.internal.dispatch.ProxyDispatchAdapter$DispatchingInvocationHandler.invoke(ProxyDispatchAdapter.java:94)
	at com.sun.proxy.$Proxy2.stop(Unknown Source)
	at org.gradle.api.internal.tasks.testing.worker.TestWorker$3.run(TestWorker.java:193)
	at org.gradle.api.internal.tasks.testing.worker.TestWorker.executeAndMaintainThreadName(TestWorker.java:129)
	at org.gradle.api.internal.tasks.testing.worker.TestWorker.execute(TestWorker.java:100)
	at org.gradle.api.internal.tasks.testing.worker.TestWorker.execute(TestWorker.java:60)
	at org.gradle.process.internal.worker.child.ActionExecutionWorker.execute(ActionExecutionWorker.java:56)
	at org.gradle.process.internal.worker.child.SystemApplicationClassLoaderWorker.call(SystemApplicationClassLoaderWorker.java:113)
	at org.gradle.process.internal.worker.child.SystemApplicationClassLoaderWorker.call(SystemApplicationClassLoaderWorker.java:65)
	at worker.org.gradle.process.internal.worker.GradleWorkerMain.run(GradleWorkerMain.java:69)
	at worker.org.gradle.process.internal.worker.GradleWorkerMain.main(GradleWorkerMain.java:74)
Caused by: org.apache.kafka.common.errors.TimeoutException: Topic test-topic not present in metadata after 10 ms.
log4j: Parsing for [root] with value=[INFO].
log4j: Level token is [INFO].
log4j: Category root set to INFO
log4j: Parsing for [root] with value=[INFO, KAFKA].
log4j: Level token is [INFO].
log4j: Category root set to INFO
log4j: Parsing appender named "KAFKA".
log4j: Parsing layout options for "KAFKA".
log4j: Setting property [conversionPattern] to [%-5p: %c - %m%n].
log4j: End of parsing for "KAFKA".
log4j: Setting property [requiredNumAcks] to [-1].
log4j: Setting property [brokerList] to [127.0.0.1:9093].
log4j: Setting property [topic] to [test-topic].
log4j: Setting property [syncSend] to [true].
log4j: Setting property [ignoreExceptions] to [false].
log4j: Kafka producer connected to 127.0.0.1:9093
log4j: Logging for topic: test-topic
log4j: Parsed "KAFKA" options.
log4j: Parsing for [kafka.log4j] with value=[INFO, KAFKA].
log4j: Level token is [INFO].
log4j: Category kafka.log4j set to INFO
log4j: Parsing appender named "KAFKA".
log4j: Appender "KAFKA" was already parsed.
log4j: Handling log4j.additivity.kafka.log4j=[null]
log4j: Finished configuring.
log4j: Kafka producer connected to 127.0.0.1:9093
log4j: Logging for topic: test-topic
log4j: [Tue Apr 09 14:19:34 IDT 2024]ERROR: org.apache.kafka.log4jappender.KafkaLog4jAppenderTest - [B@e362c57

log4j: Parsing for [root] with value=[INFO, KAFKA].
log4j: Level token is [INFO].
log4j: Category root set to INFO
log4j: Parsing appender named "KAFKA".
log4j: Parsing layout options for "KAFKA".
log4j: Setting property [conversionPattern] to [%-5p: %c - %m%n].
log4j: End of parsing for "KAFKA".
log4j: Setting property [requiredNumAcks] to [-1].
log4j: Setting property [brokerList] to [127.0.0.1:9093].
log4j: Setting property [topic] to [test-topic].
log4j: Setting property [syncSend] to [false].
log4j: Kafka producer connected to 127.0.0.1:9093
log4j: Logging for topic: test-topic
log4j: Parsed "KAFKA" options.
log4j: Parsing for [kafka.log4j] with value=[INFO, KAFKA].
log4j: Level token is [INFO].
log4j: Category kafka.log4j set to INFO
log4j: Parsing appender named "KAFKA".
log4j: Appender "KAFKA" was already parsed.
log4j: Handling log4j.additivity.kafka.log4j=[null]
log4j: Finished configuring.
log4j: Parsing for [root] with value=[INFO, KAFKA].
log4j: Level token is [INFO].
log4j: Category root set to INFO
log4j: Parsing appender named "KAFKA".
log4j: Parsing layout options for "KAFKA".
log4j: Setting property [conversionPattern] to [%-5p: %c - %m%n].
log4j: End of parsing for "KAFKA".
log4j: Setting property [requiredNumAcks] to [-1].
log4j: Setting property [clientJaasConf] to [jaas-config].
log4j: Setting property [brokerList] to [127.0.0.1:9093].
log4j: Setting property [topic] to [test-topic].
log4j: Setting property [syncSend] to [false].
log4j: Kafka producer connected to 127.0.0.1:9093
log4j: Logging for topic: test-topic
log4j: Parsed "KAFKA" options.
log4j: Parsing for [kafka.log4j] with value=[INFO, KAFKA].
log4j: Level token is [INFO].
log4j: Category kafka.log4j set to INFO
log4j: Parsing appender named "KAFKA".
log4j: Appender "KAFKA" was already parsed.
log4j: Handling log4j.additivity.kafka.log4j=[null]
log4j: Finished configuring.
]]></system-out>
  <system-err><![CDATA[log4j:ERROR Attempted to append to closed appender named [KAFKA].
log4j:ERROR Attempted to append to closed appender named [KAFKA].
]]></system-err>
</testsuite>
